2020-04-08 19:19:01,843 DEBUG    root            Loaded Command Group: [u'gcloud', u'compute']
2020-04-08 19:19:01,847 DEBUG    root            Loaded Command Group: [u'gcloud', u'compute', u'os_login']
2020-04-08 19:19:01,848 DEBUG    root            Loaded Command Group: [u'gcloud', u'compute', u'os-login', u'ssh_keys']
2020-04-08 19:19:01,850 DEBUG    root            Loaded Command Group: [u'gcloud', u'compute', u'os-login', u'ssh-keys', u'add']
2020-04-08 19:19:01,853 DEBUG    root            Running [gcloud.compute.os-login.ssh-keys.add] with arguments: [--key-file: ".sshkeys/geodokey.pub", --ttl: "31536000"]
2020-04-08 19:19:02,278 INFO     root            Display format: "default"
2020-04-08 19:19:02,281 INFO     ___FILE_ONLY___ loginProfile
2020-04-08 19:19:02,282 INFO     ___FILE_ONLY___ :
2020-04-08 19:19:02,282 INFO     ___FILE_ONLY___ 

2020-04-08 19:19:02,282 INFO     ___FILE_ONLY___   
2020-04-08 19:19:02,283 INFO     ___FILE_ONLY___ name
2020-04-08 19:19:02,283 INFO     ___FILE_ONLY___ :
2020-04-08 19:19:02,283 INFO     ___FILE_ONLY___  '
2020-04-08 19:19:02,283 INFO     ___FILE_ONLY___ 117947162621568295449
2020-04-08 19:19:02,283 INFO     ___FILE_ONLY___ '
2020-04-08 19:19:02,283 INFO     ___FILE_ONLY___ 

2020-04-08 19:19:02,283 INFO     ___FILE_ONLY___   
2020-04-08 19:19:02,283 INFO     ___FILE_ONLY___ posixAccounts
2020-04-08 19:19:02,284 INFO     ___FILE_ONLY___ :
2020-04-08 19:19:02,284 INFO     ___FILE_ONLY___ 

2020-04-08 19:19:02,284 INFO     ___FILE_ONLY___   
2020-04-08 19:19:02,284 INFO     ___FILE_ONLY___ -
2020-04-08 19:19:02,284 INFO     ___FILE_ONLY___  
2020-04-08 19:19:02,284 INFO     ___FILE_ONLY___ accountId
2020-04-08 19:19:02,284 INFO     ___FILE_ONLY___ :
2020-04-08 19:19:02,285 INFO     ___FILE_ONLY___  
2020-04-08 19:19:02,285 INFO     ___FILE_ONLY___ geodo-website
2020-04-08 19:19:02,285 INFO     ___FILE_ONLY___ 

2020-04-08 19:19:02,285 INFO     ___FILE_ONLY___     
2020-04-08 19:19:02,285 INFO     ___FILE_ONLY___ gid
2020-04-08 19:19:02,285 INFO     ___FILE_ONLY___ :
2020-04-08 19:19:02,285 INFO     ___FILE_ONLY___  '
2020-04-08 19:19:02,285 INFO     ___FILE_ONLY___ 1142838863
2020-04-08 19:19:02,286 INFO     ___FILE_ONLY___ '
2020-04-08 19:19:02,286 INFO     ___FILE_ONLY___ 

2020-04-08 19:19:02,286 INFO     ___FILE_ONLY___     
2020-04-08 19:19:02,286 INFO     ___FILE_ONLY___ homeDirectory
2020-04-08 19:19:02,286 INFO     ___FILE_ONLY___ :
2020-04-08 19:19:02,286 INFO     ___FILE_ONLY___  
2020-04-08 19:19:02,286 INFO     ___FILE_ONLY___ /home/realmart9n_gmail_com
2020-04-08 19:19:02,286 INFO     ___FILE_ONLY___ 

2020-04-08 19:19:02,287 INFO     ___FILE_ONLY___     
2020-04-08 19:19:02,287 INFO     ___FILE_ONLY___ name
2020-04-08 19:19:02,287 INFO     ___FILE_ONLY___ :
2020-04-08 19:19:02,287 INFO     ___FILE_ONLY___  
2020-04-08 19:19:02,287 INFO     ___FILE_ONLY___ users/realmart9n@gmail.com/projects/geodo-website
2020-04-08 19:19:02,287 INFO     ___FILE_ONLY___ 

2020-04-08 19:19:02,287 INFO     ___FILE_ONLY___     
2020-04-08 19:19:02,288 INFO     ___FILE_ONLY___ operatingSystemType
2020-04-08 19:19:02,288 INFO     ___FILE_ONLY___ :
2020-04-08 19:19:02,288 INFO     ___FILE_ONLY___  
2020-04-08 19:19:02,288 INFO     ___FILE_ONLY___ LINUX
2020-04-08 19:19:02,288 INFO     ___FILE_ONLY___ 

2020-04-08 19:19:02,288 INFO     ___FILE_ONLY___     
2020-04-08 19:19:02,288 INFO     ___FILE_ONLY___ primary
2020-04-08 19:19:02,289 INFO     ___FILE_ONLY___ :
2020-04-08 19:19:02,289 INFO     ___FILE_ONLY___  
2020-04-08 19:19:02,289 INFO     ___FILE_ONLY___ true
2020-04-08 19:19:02,289 INFO     ___FILE_ONLY___ 

2020-04-08 19:19:02,289 INFO     ___FILE_ONLY___     
2020-04-08 19:19:02,289 INFO     ___FILE_ONLY___ uid
2020-04-08 19:19:02,289 INFO     ___FILE_ONLY___ :
2020-04-08 19:19:02,290 INFO     ___FILE_ONLY___  '
2020-04-08 19:19:02,290 INFO     ___FILE_ONLY___ 1142838863
2020-04-08 19:19:02,290 INFO     ___FILE_ONLY___ '
2020-04-08 19:19:02,290 INFO     ___FILE_ONLY___ 

2020-04-08 19:19:02,290 INFO     ___FILE_ONLY___     
2020-04-08 19:19:02,290 INFO     ___FILE_ONLY___ username
2020-04-08 19:19:02,290 INFO     ___FILE_ONLY___ :
2020-04-08 19:19:02,290 INFO     ___FILE_ONLY___  
2020-04-08 19:19:02,290 INFO     ___FILE_ONLY___ realmart9n_gmail_com
2020-04-08 19:19:02,291 INFO     ___FILE_ONLY___ 

2020-04-08 19:19:02,291 INFO     ___FILE_ONLY___   
2020-04-08 19:19:02,291 INFO     ___FILE_ONLY___ sshPublicKeys
2020-04-08 19:19:02,292 INFO     ___FILE_ONLY___ :
2020-04-08 19:19:02,292 INFO     ___FILE_ONLY___ 

2020-04-08 19:19:02,292 INFO     ___FILE_ONLY___     
2020-04-08 19:19:02,292 INFO     ___FILE_ONLY___ 823cb8bcfe62085e547ce78e9386a20b8b296132ae128ac293276bb15c729efd
2020-04-08 19:19:02,293 INFO     ___FILE_ONLY___ :
2020-04-08 19:19:02,293 INFO     ___FILE_ONLY___ 

2020-04-08 19:19:02,293 INFO     ___FILE_ONLY___       
2020-04-08 19:19:02,293 INFO     ___FILE_ONLY___ expirationTimeUsec
2020-04-08 19:19:02,293 INFO     ___FILE_ONLY___ :
2020-04-08 19:19:02,293 INFO     ___FILE_ONLY___  '
2020-04-08 19:19:02,293 INFO     ___FILE_ONLY___ 1617905941865465
2020-04-08 19:19:02,293 INFO     ___FILE_ONLY___ '
2020-04-08 19:19:02,293 INFO     ___FILE_ONLY___ 

2020-04-08 19:19:02,294 INFO     ___FILE_ONLY___       
2020-04-08 19:19:02,294 INFO     ___FILE_ONLY___ fingerprint
2020-04-08 19:19:02,294 INFO     ___FILE_ONLY___ :
2020-04-08 19:19:02,294 INFO     ___FILE_ONLY___  
2020-04-08 19:19:02,294 INFO     ___FILE_ONLY___ 823cb8bcfe62085e547ce78e9386a20b8b296132ae128ac293276bb15c729efd
2020-04-08 19:19:02,294 INFO     ___FILE_ONLY___ 

2020-04-08 19:19:02,294 INFO     ___FILE_ONLY___       
2020-04-08 19:19:02,294 INFO     ___FILE_ONLY___ key
2020-04-08 19:19:02,295 INFO     ___FILE_ONLY___ :
2020-04-08 19:19:02,295 INFO     ___FILE_ONLY___  |
2020-04-08 19:19:02,295 INFO     ___FILE_ONLY___ 

2020-04-08 19:19:02,296 INFO     ___FILE_ONLY___         
2020-04-08 19:19:02,296 INFO     ___FILE_ONLY___ ssh-rsa AAAAB3NzaC1yc2EAAAADAQABAAACAQDU8uctBeebLoD0dCAo0hIhkCTgk3/mo6JOlEh1i/FhGV4iGpAo0z5jqDI3ajCX1zEIQAJQeQRjmCSXE+mxS31TE5s1pxHMeIDchMawbEDeAgFW2zhEhhUHwwqMSTNIaCyz3IgLLkw1b4DIShXa34k6x1mma8ZxhD8f8XMYcFzVzgYk6O+iOKarrVlteYRhwndghpYDw5TGGjQjJtmVGR/mCUMdqfCp6uQOnD1OsOr5h7TbQhbIUjbDxfcqxK/UBsmgG4YCMV0VY4xx5widdS6MvvwKE2c4JV3sAuB038i5FVxFZKU/EGb4BNE166mSciMHCZXCnApHb7dtuW/wArch4Y/DfseNOJemv9iVUcllPxWgZYnWUeNWKJ1bU3gxBJXYsIJrNSEzTit83BilRBzWpp3zzmcwuqLDwkVTCQK/dGBx8nCItJC3QOjUix48q5b5UizGFse7w8nL4FM0qxXfwF3au3KKGmQ5Jm8nUa2461xR16HEWOxUc2nvXxj9sRQqz0g4fckuMHpf5GpuLM4XNq19B5f/ebHEgrzGAWHycU9ICEru+tdLzfBI9TkHEnS22A4a92re9XDy4PxrHGfcMVnLrPl15odtTQX95E7hGpxTUf0rSzEHz7tvHlkebXvdj9pQ1UfnA5psCq72LvmBkLf2yr7+BP5iHOfTTH26FQ== martinkirilov@Martins-MBP
2020-04-08 19:19:02,296 INFO     ___FILE_ONLY___ 

2020-04-08 19:19:02,296 INFO     ___FILE_ONLY___       
2020-04-08 19:19:02,296 INFO     ___FILE_ONLY___ name
2020-04-08 19:19:02,297 INFO     ___FILE_ONLY___ :
2020-04-08 19:19:02,297 INFO     ___FILE_ONLY___  
2020-04-08 19:19:02,297 INFO     ___FILE_ONLY___ users/realmart9n@gmail.com/sshPublicKeys/823cb8bcfe62085e547ce78e9386a20b8b296132ae128ac293276bb15c729efd
2020-04-08 19:19:02,297 INFO     ___FILE_ONLY___ 

