2020-04-08 19:12:06,425 DEBUG    root            Loaded Command Group: [u'gcloud', u'components']
2020-04-08 19:12:06,430 DEBUG    root            Loaded Command Group: [u'gcloud', u'components', u'list']
2020-04-08 19:12:06,432 DEBUG    root            Running [gcloud.components.list] with arguments: [--quiet: "True"]
2020-04-08 19:12:06,588 INFO     ___FILE_ONLY___ 
Your current Cloud SDK version is: 288.0.0

2020-04-08 19:12:06,588 INFO     ___FILE_ONLY___ The latest available version is: 288.0.0

2020-04-08 19:12:06,589 INFO     ___FILE_ONLY___ 

2020-04-08 19:12:06,590 INFO     root            Display format: "table[box,title="Components"](state.name:label=Status,name:label=Name,id:label=ID,size.size(zero="",min=1048576):label=Size:align=right)"
2020-04-08 19:12:06,596 INFO     ___FILE_ONLY___ ┌────────────────────────────────────────────────────────────────────────────────────────────────────────────┐
2020-04-08 19:12:06,596 INFO     ___FILE_ONLY___ 

2020-04-08 19:12:06,596 INFO     ___FILE_ONLY___ │                                                 Components                                                 │
2020-04-08 19:12:06,596 INFO     ___FILE_ONLY___ 

2020-04-08 19:12:06,596 INFO     ___FILE_ONLY___ ├───────────────┬──────────────────────────────────────────────────────┬──────────────────────────┬──────────┤
2020-04-08 19:12:06,596 INFO     ___FILE_ONLY___ 

2020-04-08 19:12:06,596 INFO     ___FILE_ONLY___ │     Status    │                         Name                         │            ID            │   Size   │
2020-04-08 19:12:06,597 INFO     ___FILE_ONLY___ 

2020-04-08 19:12:06,597 INFO     ___FILE_ONLY___ ├───────────────┼──────────────────────────────────────────────────────┼──────────────────────────┼──────────┤
2020-04-08 19:12:06,597 INFO     ___FILE_ONLY___ 

2020-04-08 19:12:06,597 INFO     ___FILE_ONLY___ │ 
2020-04-08 19:12:06,597 INFO     ___FILE_ONLY___ Not Installed
2020-04-08 19:12:06,597 INFO     ___FILE_ONLY___  
2020-04-08 19:12:06,597 INFO     ___FILE_ONLY___ │ 
2020-04-08 19:12:06,597 INFO     ___FILE_ONLY___ App Engine Go Extensions                            
2020-04-08 19:12:06,597 INFO     ___FILE_ONLY___  
2020-04-08 19:12:06,597 INFO     ___FILE_ONLY___ │ 
2020-04-08 19:12:06,597 INFO     ___FILE_ONLY___ app-engine-go           
2020-04-08 19:12:06,597 INFO     ___FILE_ONLY___  
2020-04-08 19:12:06,598 INFO     ___FILE_ONLY___ │ 
2020-04-08 19:12:06,598 INFO     ___FILE_ONLY___  4.8 MiB
2020-04-08 19:12:06,598 INFO     ___FILE_ONLY___  
2020-04-08 19:12:06,598 INFO     ___FILE_ONLY___ │
2020-04-08 19:12:06,598 INFO     ___FILE_ONLY___ 

2020-04-08 19:12:06,598 INFO     ___FILE_ONLY___ │ 
2020-04-08 19:12:06,598 INFO     ___FILE_ONLY___ Not Installed
2020-04-08 19:12:06,598 INFO     ___FILE_ONLY___  
2020-04-08 19:12:06,598 INFO     ___FILE_ONLY___ │ 
2020-04-08 19:12:06,598 INFO     ___FILE_ONLY___ Appctl                                              
2020-04-08 19:12:06,598 INFO     ___FILE_ONLY___  
2020-04-08 19:12:06,598 INFO     ___FILE_ONLY___ │ 
2020-04-08 19:12:06,599 INFO     ___FILE_ONLY___ appctl                  
2020-04-08 19:12:06,599 INFO     ___FILE_ONLY___  
2020-04-08 19:12:06,599 INFO     ___FILE_ONLY___ │ 
2020-04-08 19:12:06,599 INFO     ___FILE_ONLY___ 17.5 MiB
2020-04-08 19:12:06,599 INFO     ___FILE_ONLY___  
2020-04-08 19:12:06,599 INFO     ___FILE_ONLY___ │
2020-04-08 19:12:06,599 INFO     ___FILE_ONLY___ 

2020-04-08 19:12:06,599 INFO     ___FILE_ONLY___ │ 
2020-04-08 19:12:06,599 INFO     ___FILE_ONLY___ Not Installed
2020-04-08 19:12:06,599 INFO     ___FILE_ONLY___  
2020-04-08 19:12:06,599 INFO     ___FILE_ONLY___ │ 
2020-04-08 19:12:06,599 INFO     ___FILE_ONLY___ Cloud Bigtable Command Line Tool                    
2020-04-08 19:12:06,600 INFO     ___FILE_ONLY___  
2020-04-08 19:12:06,600 INFO     ___FILE_ONLY___ │ 
2020-04-08 19:12:06,600 INFO     ___FILE_ONLY___ cbt                     
2020-04-08 19:12:06,600 INFO     ___FILE_ONLY___  
2020-04-08 19:12:06,600 INFO     ___FILE_ONLY___ │ 
2020-04-08 19:12:06,600 INFO     ___FILE_ONLY___  7.6 MiB
2020-04-08 19:12:06,600 INFO     ___FILE_ONLY___  
2020-04-08 19:12:06,600 INFO     ___FILE_ONLY___ │
2020-04-08 19:12:06,600 INFO     ___FILE_ONLY___ 

2020-04-08 19:12:06,600 INFO     ___FILE_ONLY___ │ 
2020-04-08 19:12:06,600 INFO     ___FILE_ONLY___ Not Installed
2020-04-08 19:12:06,600 INFO     ___FILE_ONLY___  
2020-04-08 19:12:06,601 INFO     ___FILE_ONLY___ │ 
2020-04-08 19:12:06,601 INFO     ___FILE_ONLY___ Cloud Bigtable Emulator                             
2020-04-08 19:12:06,601 INFO     ___FILE_ONLY___  
2020-04-08 19:12:06,601 INFO     ___FILE_ONLY___ │ 
2020-04-08 19:12:06,601 INFO     ___FILE_ONLY___ bigtable                
2020-04-08 19:12:06,601 INFO     ___FILE_ONLY___  
2020-04-08 19:12:06,601 INFO     ___FILE_ONLY___ │ 
2020-04-08 19:12:06,601 INFO     ___FILE_ONLY___  6.6 MiB
2020-04-08 19:12:06,601 INFO     ___FILE_ONLY___  
2020-04-08 19:12:06,601 INFO     ___FILE_ONLY___ │
2020-04-08 19:12:06,601 INFO     ___FILE_ONLY___ 

2020-04-08 19:12:06,601 INFO     ___FILE_ONLY___ │ 
2020-04-08 19:12:06,601 INFO     ___FILE_ONLY___ Not Installed
2020-04-08 19:12:06,602 INFO     ___FILE_ONLY___  
2020-04-08 19:12:06,602 INFO     ___FILE_ONLY___ │ 
2020-04-08 19:12:06,602 INFO     ___FILE_ONLY___ Cloud Datalab Command Line Tool                     
2020-04-08 19:12:06,602 INFO     ___FILE_ONLY___  
2020-04-08 19:12:06,602 INFO     ___FILE_ONLY___ │ 
2020-04-08 19:12:06,602 INFO     ___FILE_ONLY___ datalab                 
2020-04-08 19:12:06,602 INFO     ___FILE_ONLY___  
2020-04-08 19:12:06,602 INFO     ___FILE_ONLY___ │ 
2020-04-08 19:12:06,602 INFO     ___FILE_ONLY___  < 1 MiB
2020-04-08 19:12:06,602 INFO     ___FILE_ONLY___  
2020-04-08 19:12:06,602 INFO     ___FILE_ONLY___ │
2020-04-08 19:12:06,602 INFO     ___FILE_ONLY___ 

2020-04-08 19:12:06,602 INFO     ___FILE_ONLY___ │ 
2020-04-08 19:12:06,603 INFO     ___FILE_ONLY___ Not Installed
2020-04-08 19:12:06,603 INFO     ___FILE_ONLY___  
2020-04-08 19:12:06,603 INFO     ___FILE_ONLY___ │ 
2020-04-08 19:12:06,603 INFO     ___FILE_ONLY___ Cloud Datastore Emulator                            
2020-04-08 19:12:06,603 INFO     ___FILE_ONLY___  
2020-04-08 19:12:06,603 INFO     ___FILE_ONLY___ │ 
2020-04-08 19:12:06,603 INFO     ___FILE_ONLY___ cloud-datastore-emulator
2020-04-08 19:12:06,603 INFO     ___FILE_ONLY___  
2020-04-08 19:12:06,603 INFO     ___FILE_ONLY___ │ 
2020-04-08 19:12:06,603 INFO     ___FILE_ONLY___ 18.4 MiB
2020-04-08 19:12:06,603 INFO     ___FILE_ONLY___  
2020-04-08 19:12:06,603 INFO     ___FILE_ONLY___ │
2020-04-08 19:12:06,603 INFO     ___FILE_ONLY___ 

2020-04-08 19:12:06,604 INFO     ___FILE_ONLY___ │ 
2020-04-08 19:12:06,604 INFO     ___FILE_ONLY___ Not Installed
2020-04-08 19:12:06,604 INFO     ___FILE_ONLY___  
2020-04-08 19:12:06,604 INFO     ___FILE_ONLY___ │ 
2020-04-08 19:12:06,604 INFO     ___FILE_ONLY___ Cloud Firestore Emulator                            
2020-04-08 19:12:06,604 INFO     ___FILE_ONLY___  
2020-04-08 19:12:06,604 INFO     ___FILE_ONLY___ │ 
2020-04-08 19:12:06,604 INFO     ___FILE_ONLY___ cloud-firestore-emulator
2020-04-08 19:12:06,604 INFO     ___FILE_ONLY___  
2020-04-08 19:12:06,604 INFO     ___FILE_ONLY___ │ 
2020-04-08 19:12:06,604 INFO     ___FILE_ONLY___ 40.3 MiB
2020-04-08 19:12:06,604 INFO     ___FILE_ONLY___  
2020-04-08 19:12:06,604 INFO     ___FILE_ONLY___ │
2020-04-08 19:12:06,605 INFO     ___FILE_ONLY___ 

2020-04-08 19:12:06,605 INFO     ___FILE_ONLY___ │ 
2020-04-08 19:12:06,605 INFO     ___FILE_ONLY___ Not Installed
2020-04-08 19:12:06,605 INFO     ___FILE_ONLY___  
2020-04-08 19:12:06,605 INFO     ___FILE_ONLY___ │ 
2020-04-08 19:12:06,605 INFO     ___FILE_ONLY___ Cloud Pub/Sub Emulator                              
2020-04-08 19:12:06,605 INFO     ___FILE_ONLY___  
2020-04-08 19:12:06,605 INFO     ___FILE_ONLY___ │ 
2020-04-08 19:12:06,605 INFO     ___FILE_ONLY___ pubsub-emulator         
2020-04-08 19:12:06,605 INFO     ___FILE_ONLY___  
2020-04-08 19:12:06,605 INFO     ___FILE_ONLY___ │ 
2020-04-08 19:12:06,605 INFO     ___FILE_ONLY___ 34.9 MiB
2020-04-08 19:12:06,605 INFO     ___FILE_ONLY___  
2020-04-08 19:12:06,606 INFO     ___FILE_ONLY___ │
2020-04-08 19:12:06,606 INFO     ___FILE_ONLY___ 

2020-04-08 19:12:06,606 INFO     ___FILE_ONLY___ │ 
2020-04-08 19:12:06,606 INFO     ___FILE_ONLY___ Not Installed
2020-04-08 19:12:06,606 INFO     ___FILE_ONLY___  
2020-04-08 19:12:06,606 INFO     ___FILE_ONLY___ │ 
2020-04-08 19:12:06,606 INFO     ___FILE_ONLY___ Cloud SQL Proxy                                     
2020-04-08 19:12:06,606 INFO     ___FILE_ONLY___  
2020-04-08 19:12:06,606 INFO     ___FILE_ONLY___ │ 
2020-04-08 19:12:06,606 INFO     ___FILE_ONLY___ cloud_sql_proxy         
2020-04-08 19:12:06,606 INFO     ___FILE_ONLY___  
2020-04-08 19:12:06,606 INFO     ___FILE_ONLY___ │ 
2020-04-08 19:12:06,606 INFO     ___FILE_ONLY___  3.7 MiB
2020-04-08 19:12:06,607 INFO     ___FILE_ONLY___  
2020-04-08 19:12:06,607 INFO     ___FILE_ONLY___ │
2020-04-08 19:12:06,607 INFO     ___FILE_ONLY___ 

2020-04-08 19:12:06,607 INFO     ___FILE_ONLY___ │ 
2020-04-08 19:12:06,607 INFO     ___FILE_ONLY___ Not Installed
2020-04-08 19:12:06,607 INFO     ___FILE_ONLY___  
2020-04-08 19:12:06,607 INFO     ___FILE_ONLY___ │ 
2020-04-08 19:12:06,607 INFO     ___FILE_ONLY___ Emulator Reverse Proxy                              
2020-04-08 19:12:06,607 INFO     ___FILE_ONLY___  
2020-04-08 19:12:06,607 INFO     ___FILE_ONLY___ │ 
2020-04-08 19:12:06,607 INFO     ___FILE_ONLY___ emulator-reverse-proxy  
2020-04-08 19:12:06,607 INFO     ___FILE_ONLY___  
2020-04-08 19:12:06,607 INFO     ___FILE_ONLY___ │ 
2020-04-08 19:12:06,608 INFO     ___FILE_ONLY___ 14.5 MiB
2020-04-08 19:12:06,608 INFO     ___FILE_ONLY___  
2020-04-08 19:12:06,608 INFO     ___FILE_ONLY___ │
2020-04-08 19:12:06,608 INFO     ___FILE_ONLY___ 

2020-04-08 19:12:06,608 INFO     ___FILE_ONLY___ │ 
2020-04-08 19:12:06,608 INFO     ___FILE_ONLY___ Not Installed
2020-04-08 19:12:06,608 INFO     ___FILE_ONLY___  
2020-04-08 19:12:06,608 INFO     ___FILE_ONLY___ │ 
2020-04-08 19:12:06,608 INFO     ___FILE_ONLY___ Google Cloud Build Local Builder                    
2020-04-08 19:12:06,608 INFO     ___FILE_ONLY___  
2020-04-08 19:12:06,608 INFO     ___FILE_ONLY___ │ 
2020-04-08 19:12:06,608 INFO     ___FILE_ONLY___ cloud-build-local       
2020-04-08 19:12:06,608 INFO     ___FILE_ONLY___  
2020-04-08 19:12:06,608 INFO     ___FILE_ONLY___ │ 
2020-04-08 19:12:06,609 INFO     ___FILE_ONLY___  5.9 MiB
2020-04-08 19:12:06,609 INFO     ___FILE_ONLY___  
2020-04-08 19:12:06,609 INFO     ___FILE_ONLY___ │
2020-04-08 19:12:06,609 INFO     ___FILE_ONLY___ 

2020-04-08 19:12:06,609 INFO     ___FILE_ONLY___ │ 
2020-04-08 19:12:06,609 INFO     ___FILE_ONLY___ Not Installed
2020-04-08 19:12:06,609 INFO     ___FILE_ONLY___  
2020-04-08 19:12:06,609 INFO     ___FILE_ONLY___ │ 
2020-04-08 19:12:06,609 INFO     ___FILE_ONLY___ Google Container Registry's Docker credential helper
2020-04-08 19:12:06,609 INFO     ___FILE_ONLY___  
2020-04-08 19:12:06,609 INFO     ___FILE_ONLY___ │ 
2020-04-08 19:12:06,609 INFO     ___FILE_ONLY___ docker-credential-gcr   
2020-04-08 19:12:06,609 INFO     ___FILE_ONLY___  
2020-04-08 19:12:06,610 INFO     ___FILE_ONLY___ │ 
2020-04-08 19:12:06,610 INFO     ___FILE_ONLY___  1.8 MiB
2020-04-08 19:12:06,610 INFO     ___FILE_ONLY___  
2020-04-08 19:12:06,610 INFO     ___FILE_ONLY___ │
2020-04-08 19:12:06,610 INFO     ___FILE_ONLY___ 

2020-04-08 19:12:06,610 INFO     ___FILE_ONLY___ │ 
2020-04-08 19:12:06,610 INFO     ___FILE_ONLY___ Not Installed
2020-04-08 19:12:06,610 INFO     ___FILE_ONLY___  
2020-04-08 19:12:06,610 INFO     ___FILE_ONLY___ │ 
2020-04-08 19:12:06,610 INFO     ___FILE_ONLY___ Kind                                                
2020-04-08 19:12:06,610 INFO     ___FILE_ONLY___  
2020-04-08 19:12:06,610 INFO     ___FILE_ONLY___ │ 
2020-04-08 19:12:06,610 INFO     ___FILE_ONLY___ kind                    
2020-04-08 19:12:06,611 INFO     ___FILE_ONLY___  
2020-04-08 19:12:06,611 INFO     ___FILE_ONLY___ │ 
2020-04-08 19:12:06,611 INFO     ___FILE_ONLY___  4.4 MiB
2020-04-08 19:12:06,611 INFO     ___FILE_ONLY___  
2020-04-08 19:12:06,611 INFO     ___FILE_ONLY___ │
2020-04-08 19:12:06,611 INFO     ___FILE_ONLY___ 

2020-04-08 19:12:06,611 INFO     ___FILE_ONLY___ │ 
2020-04-08 19:12:06,611 INFO     ___FILE_ONLY___ Not Installed
2020-04-08 19:12:06,611 INFO     ___FILE_ONLY___  
2020-04-08 19:12:06,611 INFO     ___FILE_ONLY___ │ 
2020-04-08 19:12:06,611 INFO     ___FILE_ONLY___ Minikube                                            
2020-04-08 19:12:06,611 INFO     ___FILE_ONLY___  
2020-04-08 19:12:06,611 INFO     ___FILE_ONLY___ │ 
2020-04-08 19:12:06,612 INFO     ___FILE_ONLY___ minikube                
2020-04-08 19:12:06,612 INFO     ___FILE_ONLY___  
2020-04-08 19:12:06,612 INFO     ___FILE_ONLY___ │ 
2020-04-08 19:12:06,612 INFO     ___FILE_ONLY___ 21.9 MiB
2020-04-08 19:12:06,612 INFO     ___FILE_ONLY___  
2020-04-08 19:12:06,612 INFO     ___FILE_ONLY___ │
2020-04-08 19:12:06,612 INFO     ___FILE_ONLY___ 

2020-04-08 19:12:06,612 INFO     ___FILE_ONLY___ │ 
2020-04-08 19:12:06,612 INFO     ___FILE_ONLY___ Not Installed
2020-04-08 19:12:06,612 INFO     ___FILE_ONLY___  
2020-04-08 19:12:06,612 INFO     ___FILE_ONLY___ │ 
2020-04-08 19:12:06,612 INFO     ___FILE_ONLY___ Skaffold                                            
2020-04-08 19:12:06,612 INFO     ___FILE_ONLY___  
2020-04-08 19:12:06,612 INFO     ___FILE_ONLY___ │ 
2020-04-08 19:12:06,613 INFO     ___FILE_ONLY___ skaffold                
2020-04-08 19:12:06,613 INFO     ___FILE_ONLY___  
2020-04-08 19:12:06,613 INFO     ___FILE_ONLY___ │ 
2020-04-08 19:12:06,613 INFO     ___FILE_ONLY___ 12.9 MiB
2020-04-08 19:12:06,613 INFO     ___FILE_ONLY___  
2020-04-08 19:12:06,613 INFO     ___FILE_ONLY___ │
2020-04-08 19:12:06,613 INFO     ___FILE_ONLY___ 

2020-04-08 19:12:06,613 INFO     ___FILE_ONLY___ │ 
2020-04-08 19:12:06,613 INFO     ___FILE_ONLY___ Not Installed
2020-04-08 19:12:06,613 INFO     ___FILE_ONLY___  
2020-04-08 19:12:06,613 INFO     ___FILE_ONLY___ │ 
2020-04-08 19:12:06,613 INFO     ___FILE_ONLY___ anthos-auth                                         
2020-04-08 19:12:06,613 INFO     ___FILE_ONLY___  
2020-04-08 19:12:06,614 INFO     ___FILE_ONLY___ │ 
2020-04-08 19:12:06,614 INFO     ___FILE_ONLY___ anthos-auth             
2020-04-08 19:12:06,614 INFO     ___FILE_ONLY___  
2020-04-08 19:12:06,614 INFO     ___FILE_ONLY___ │ 
2020-04-08 19:12:06,614 INFO     ___FILE_ONLY___  8.6 MiB
2020-04-08 19:12:06,614 INFO     ___FILE_ONLY___  
2020-04-08 19:12:06,614 INFO     ___FILE_ONLY___ │
2020-04-08 19:12:06,614 INFO     ___FILE_ONLY___ 

2020-04-08 19:12:06,614 INFO     ___FILE_ONLY___ │ 
2020-04-08 19:12:06,614 INFO     ___FILE_ONLY___ Not Installed
2020-04-08 19:12:06,614 INFO     ___FILE_ONLY___  
2020-04-08 19:12:06,614 INFO     ___FILE_ONLY___ │ 
2020-04-08 19:12:06,614 INFO     ___FILE_ONLY___ gcloud Alpha Commands                               
2020-04-08 19:12:06,615 INFO     ___FILE_ONLY___  
2020-04-08 19:12:06,615 INFO     ___FILE_ONLY___ │ 
2020-04-08 19:12:06,615 INFO     ___FILE_ONLY___ alpha                   
2020-04-08 19:12:06,615 INFO     ___FILE_ONLY___  
2020-04-08 19:12:06,615 INFO     ___FILE_ONLY___ │ 
2020-04-08 19:12:06,615 INFO     ___FILE_ONLY___  < 1 MiB
2020-04-08 19:12:06,615 INFO     ___FILE_ONLY___  
2020-04-08 19:12:06,615 INFO     ___FILE_ONLY___ │
2020-04-08 19:12:06,615 INFO     ___FILE_ONLY___ 

2020-04-08 19:12:06,615 INFO     ___FILE_ONLY___ │ 
2020-04-08 19:12:06,615 INFO     ___FILE_ONLY___ Not Installed
2020-04-08 19:12:06,615 INFO     ___FILE_ONLY___  
2020-04-08 19:12:06,615 INFO     ___FILE_ONLY___ │ 
2020-04-08 19:12:06,616 INFO     ___FILE_ONLY___ gcloud Beta Commands                                
2020-04-08 19:12:06,616 INFO     ___FILE_ONLY___  
2020-04-08 19:12:06,616 INFO     ___FILE_ONLY___ │ 
2020-04-08 19:12:06,616 INFO     ___FILE_ONLY___ beta                    
2020-04-08 19:12:06,616 INFO     ___FILE_ONLY___  
2020-04-08 19:12:06,616 INFO     ___FILE_ONLY___ │ 
2020-04-08 19:12:06,616 INFO     ___FILE_ONLY___  < 1 MiB
2020-04-08 19:12:06,616 INFO     ___FILE_ONLY___  
2020-04-08 19:12:06,616 INFO     ___FILE_ONLY___ │
2020-04-08 19:12:06,616 INFO     ___FILE_ONLY___ 

2020-04-08 19:12:06,616 INFO     ___FILE_ONLY___ │ 
2020-04-08 19:12:06,616 INFO     ___FILE_ONLY___ Not Installed
2020-04-08 19:12:06,616 INFO     ___FILE_ONLY___  
2020-04-08 19:12:06,617 INFO     ___FILE_ONLY___ │ 
2020-04-08 19:12:06,617 INFO     ___FILE_ONLY___ gcloud app Java Extensions                          
2020-04-08 19:12:06,617 INFO     ___FILE_ONLY___  
2020-04-08 19:12:06,617 INFO     ___FILE_ONLY___ │ 
2020-04-08 19:12:06,617 INFO     ___FILE_ONLY___ app-engine-java         
2020-04-08 19:12:06,617 INFO     ___FILE_ONLY___  
2020-04-08 19:12:06,617 INFO     ___FILE_ONLY___ │ 
2020-04-08 19:12:06,617 INFO     ___FILE_ONLY___ 62.3 MiB
2020-04-08 19:12:06,617 INFO     ___FILE_ONLY___  
2020-04-08 19:12:06,617 INFO     ___FILE_ONLY___ │
2020-04-08 19:12:06,617 INFO     ___FILE_ONLY___ 

2020-04-08 19:12:06,617 INFO     ___FILE_ONLY___ │ 
2020-04-08 19:12:06,617 INFO     ___FILE_ONLY___ Not Installed
2020-04-08 19:12:06,617 INFO     ___FILE_ONLY___  
2020-04-08 19:12:06,618 INFO     ___FILE_ONLY___ │ 
2020-04-08 19:12:06,618 INFO     ___FILE_ONLY___ gcloud app PHP Extensions                           
2020-04-08 19:12:06,618 INFO     ___FILE_ONLY___  
2020-04-08 19:12:06,618 INFO     ___FILE_ONLY___ │ 
2020-04-08 19:12:06,618 INFO     ___FILE_ONLY___ app-engine-php          
2020-04-08 19:12:06,618 INFO     ___FILE_ONLY___  
2020-04-08 19:12:06,618 INFO     ___FILE_ONLY___ │ 
2020-04-08 19:12:06,618 INFO     ___FILE_ONLY___ 21.9 MiB
2020-04-08 19:12:06,618 INFO     ___FILE_ONLY___  
2020-04-08 19:12:06,618 INFO     ___FILE_ONLY___ │
2020-04-08 19:12:06,618 INFO     ___FILE_ONLY___ 

2020-04-08 19:12:06,618 INFO     ___FILE_ONLY___ │ 
2020-04-08 19:12:06,618 INFO     ___FILE_ONLY___ Not Installed
2020-04-08 19:12:06,618 INFO     ___FILE_ONLY___  
2020-04-08 19:12:06,619 INFO     ___FILE_ONLY___ │ 
2020-04-08 19:12:06,619 INFO     ___FILE_ONLY___ gcloud app Python Extensions                        
2020-04-08 19:12:06,619 INFO     ___FILE_ONLY___  
2020-04-08 19:12:06,619 INFO     ___FILE_ONLY___ │ 
2020-04-08 19:12:06,619 INFO     ___FILE_ONLY___ app-engine-python       
2020-04-08 19:12:06,619 INFO     ___FILE_ONLY___  
2020-04-08 19:12:06,619 INFO     ___FILE_ONLY___ │ 
2020-04-08 19:12:06,619 INFO     ___FILE_ONLY___  6.1 MiB
2020-04-08 19:12:06,619 INFO     ___FILE_ONLY___  
2020-04-08 19:12:06,619 INFO     ___FILE_ONLY___ │
2020-04-08 19:12:06,619 INFO     ___FILE_ONLY___ 

2020-04-08 19:12:06,619 INFO     ___FILE_ONLY___ │ 
2020-04-08 19:12:06,619 INFO     ___FILE_ONLY___ Not Installed
2020-04-08 19:12:06,619 INFO     ___FILE_ONLY___  
2020-04-08 19:12:06,619 INFO     ___FILE_ONLY___ │ 
2020-04-08 19:12:06,620 INFO     ___FILE_ONLY___ gcloud app Python Extensions (Extra Libraries)      
2020-04-08 19:12:06,620 INFO     ___FILE_ONLY___  
2020-04-08 19:12:06,620 INFO     ___FILE_ONLY___ │ 
2020-04-08 19:12:06,620 INFO     ___FILE_ONLY___ app-engine-python-extras
2020-04-08 19:12:06,620 INFO     ___FILE_ONLY___  
2020-04-08 19:12:06,620 INFO     ___FILE_ONLY___ │ 
2020-04-08 19:12:06,620 INFO     ___FILE_ONLY___ 27.1 MiB
2020-04-08 19:12:06,620 INFO     ___FILE_ONLY___  
2020-04-08 19:12:06,620 INFO     ___FILE_ONLY___ │
2020-04-08 19:12:06,620 INFO     ___FILE_ONLY___ 

2020-04-08 19:12:06,620 INFO     ___FILE_ONLY___ │ 
2020-04-08 19:12:06,620 INFO     ___FILE_ONLY___ Not Installed
2020-04-08 19:12:06,620 INFO     ___FILE_ONLY___  
2020-04-08 19:12:06,620 INFO     ___FILE_ONLY___ │ 
2020-04-08 19:12:06,621 INFO     ___FILE_ONLY___ kpt                                                 
2020-04-08 19:12:06,621 INFO     ___FILE_ONLY___  
2020-04-08 19:12:06,621 INFO     ___FILE_ONLY___ │ 
2020-04-08 19:12:06,621 INFO     ___FILE_ONLY___ kpt                     
2020-04-08 19:12:06,621 INFO     ___FILE_ONLY___  
2020-04-08 19:12:06,621 INFO     ___FILE_ONLY___ │ 
2020-04-08 19:12:06,621 INFO     ___FILE_ONLY___ 19.4 MiB
2020-04-08 19:12:06,621 INFO     ___FILE_ONLY___  
2020-04-08 19:12:06,621 INFO     ___FILE_ONLY___ │
2020-04-08 19:12:06,621 INFO     ___FILE_ONLY___ 

2020-04-08 19:12:06,621 INFO     ___FILE_ONLY___ │ 
2020-04-08 19:12:06,621 INFO     ___FILE_ONLY___ Not Installed
2020-04-08 19:12:06,621 INFO     ___FILE_ONLY___  
2020-04-08 19:12:06,621 INFO     ___FILE_ONLY___ │ 
2020-04-08 19:12:06,621 INFO     ___FILE_ONLY___ kubectl                                             
2020-04-08 19:12:06,621 INFO     ___FILE_ONLY___  
2020-04-08 19:12:06,622 INFO     ___FILE_ONLY___ │ 
2020-04-08 19:12:06,622 INFO     ___FILE_ONLY___ kubectl                 
2020-04-08 19:12:06,622 INFO     ___FILE_ONLY___  
2020-04-08 19:12:06,622 INFO     ___FILE_ONLY___ │ 
2020-04-08 19:12:06,622 INFO     ___FILE_ONLY___  < 1 MiB
2020-04-08 19:12:06,622 INFO     ___FILE_ONLY___  
2020-04-08 19:12:06,622 INFO     ___FILE_ONLY___ │
2020-04-08 19:12:06,622 INFO     ___FILE_ONLY___ 

2020-04-08 19:12:06,622 INFO     ___FILE_ONLY___ │ 
2020-04-08 19:12:06,622 INFO     ___FILE_ONLY___ Installed    
2020-04-08 19:12:06,622 INFO     ___FILE_ONLY___  
2020-04-08 19:12:06,622 INFO     ___FILE_ONLY___ │ 
2020-04-08 19:12:06,622 INFO     ___FILE_ONLY___ BigQuery Command Line Tool                          
2020-04-08 19:12:06,622 INFO     ___FILE_ONLY___  
2020-04-08 19:12:06,622 INFO     ___FILE_ONLY___ │ 
2020-04-08 19:12:06,622 INFO     ___FILE_ONLY___ bq                      
2020-04-08 19:12:06,623 INFO     ___FILE_ONLY___  
2020-04-08 19:12:06,623 INFO     ___FILE_ONLY___ │ 
2020-04-08 19:12:06,623 INFO     ___FILE_ONLY___  < 1 MiB
2020-04-08 19:12:06,623 INFO     ___FILE_ONLY___  
2020-04-08 19:12:06,623 INFO     ___FILE_ONLY___ │
2020-04-08 19:12:06,623 INFO     ___FILE_ONLY___ 

2020-04-08 19:12:06,623 INFO     ___FILE_ONLY___ │ 
2020-04-08 19:12:06,623 INFO     ___FILE_ONLY___ Installed    
2020-04-08 19:12:06,623 INFO     ___FILE_ONLY___  
2020-04-08 19:12:06,623 INFO     ___FILE_ONLY___ │ 
2020-04-08 19:12:06,623 INFO     ___FILE_ONLY___ Cloud SDK Core Libraries                            
2020-04-08 19:12:06,623 INFO     ___FILE_ONLY___  
2020-04-08 19:12:06,623 INFO     ___FILE_ONLY___ │ 
2020-04-08 19:12:06,623 INFO     ___FILE_ONLY___ core                    
2020-04-08 19:12:06,623 INFO     ___FILE_ONLY___  
2020-04-08 19:12:06,624 INFO     ___FILE_ONLY___ │ 
2020-04-08 19:12:06,624 INFO     ___FILE_ONLY___ 14.2 MiB
2020-04-08 19:12:06,624 INFO     ___FILE_ONLY___  
2020-04-08 19:12:06,624 INFO     ___FILE_ONLY___ │
2020-04-08 19:12:06,624 INFO     ___FILE_ONLY___ 

2020-04-08 19:12:06,624 INFO     ___FILE_ONLY___ │ 
2020-04-08 19:12:06,624 INFO     ___FILE_ONLY___ Installed    
2020-04-08 19:12:06,624 INFO     ___FILE_ONLY___  
2020-04-08 19:12:06,624 INFO     ___FILE_ONLY___ │ 
2020-04-08 19:12:06,624 INFO     ___FILE_ONLY___ Cloud Storage Command Line Tool                     
2020-04-08 19:12:06,624 INFO     ___FILE_ONLY___  
2020-04-08 19:12:06,624 INFO     ___FILE_ONLY___ │ 
2020-04-08 19:12:06,624 INFO     ___FILE_ONLY___ gsutil                  
2020-04-08 19:12:06,624 INFO     ___FILE_ONLY___  
2020-04-08 19:12:06,624 INFO     ___FILE_ONLY___ │ 
2020-04-08 19:12:06,625 INFO     ___FILE_ONLY___  3.6 MiB
2020-04-08 19:12:06,625 INFO     ___FILE_ONLY___  
2020-04-08 19:12:06,625 INFO     ___FILE_ONLY___ │
2020-04-08 19:12:06,625 INFO     ___FILE_ONLY___ 

2020-04-08 19:12:06,625 INFO     ___FILE_ONLY___ └───────────────┴──────────────────────────────────────────────────────┴──────────────────────────┴──────────┘
2020-04-08 19:12:06,625 INFO     ___FILE_ONLY___ 

2020-04-08 19:12:06,625 INFO     ___FILE_ONLY___ To install or remove components at your current SDK version [288.0.0], run:
  $ gcloud components install COMPONENT_ID
  $ gcloud components remove COMPONENT_ID

To update your SDK installation to the latest version [288.0.0], run:
  $ gcloud components update


