2020-04-08 19:14:42,502 ERROR    root            (gcloud) Command name argument expected.
2020-04-08 19:14:42,503 DEBUG    root            No implementation for release track [GA] for element: [/Users/martinkirilov/Downloads/google-cloud-sdk/lib/surface/web_security_scanner]
2020-04-08 19:14:42,519 DEBUG    root            Loaded Command Group: [u'gcloud', u'info']
2020-04-08 19:14:42,526 DEBUG    root            No implementation for release track [GA] for element: [/Users/martinkirilov/Downloads/google-cloud-sdk/lib/surface/code]
2020-04-08 19:14:42,532 DEBUG    root            Loaded Command Group: [u'gcloud', u'feedback']
2020-04-08 19:14:42,534 DEBUG    root            No implementation for release track [GA] for element: [/Users/martinkirilov/Downloads/google-cloud-sdk/lib/surface/storage]
2020-04-08 19:14:42,535 DEBUG    root            Loaded Command Group: [u'gcloud', u'app']
2020-04-08 19:14:42,537 DEBUG    root            No implementation for release track [GA] for element: [/Users/martinkirilov/Downloads/google-cloud-sdk/lib/surface/scc]
2020-04-08 19:14:42,539 DEBUG    root            Loaded Command Group: [u'gcloud', u'tasks']
2020-04-08 19:14:42,541 DEBUG    root            Loaded Command Group: [u'gcloud', u'data_catalog']
2020-04-08 19:14:42,543 DEBUG    root            Loaded Command Group: [u'gcloud', u'composer']
2020-04-08 19:14:42,586 DEBUG    root            Loaded Command Group: [u'gcloud', u'ai_platform']
2020-04-08 19:14:42,588 DEBUG    root            Loaded Command Group: [u'gcloud', u'iam']
2020-04-08 19:14:42,590 DEBUG    root            Loaded Command Group: [u'gcloud', u'anthos']
2020-04-08 19:14:42,592 DEBUG    root            No implementation for release track [GA] for element: [/Users/martinkirilov/Downloads/google-cloud-sdk/lib/surface/billing]
2020-04-08 19:14:42,593 DEBUG    root            No implementation for release track [GA] for element: [/Users/martinkirilov/Downloads/google-cloud-sdk/lib/surface/artifacts]
2020-04-08 19:14:42,594 DEBUG    root            No implementation for release track [GA] for element: [/Users/martinkirilov/Downloads/google-cloud-sdk/lib/surface/notebooks]
2020-04-08 19:14:42,612 DEBUG    root            Loaded Command Group: [u'gcloud', u'help']
2020-04-08 19:14:42,628 DEBUG    root            Loaded Command Group: [u'gcloud', u'init']
2020-04-08 19:14:42,630 DEBUG    root            Loaded Command Group: [u'gcloud', u'source']
2020-04-08 19:14:42,632 DEBUG    root            Loaded Command Group: [u'gcloud', u'network_management']
2020-04-08 19:14:42,634 DEBUG    root            Loaded Command Group: [u'gcloud', u'version']
2020-04-08 19:14:42,636 DEBUG    root            Loaded Command Group: [u'gcloud', u'asset']
2020-04-08 19:14:42,638 DEBUG    root            Loaded Command Group: [u'gcloud', u'dns']
2020-04-08 19:14:42,640 DEBUG    root            No implementation for release track [GA] for element: [/Users/martinkirilov/Downloads/google-cloud-sdk/lib/surface/lifesciences]
2020-04-08 19:14:42,642 DEBUG    root            Loaded Command Group: [u'gcloud', u'iap']
2020-04-08 19:14:42,644 DEBUG    root            No implementation for release track [GA] for element: [/Users/martinkirilov/Downloads/google-cloud-sdk/lib/surface/resources]
2020-04-08 19:14:42,645 DEBUG    root            Loaded Command Group: [u'gcloud', u'pubsub']
2020-04-08 19:14:42,648 DEBUG    root            No implementation for release track [GA] for element: [/Users/martinkirilov/Downloads/google-cloud-sdk/lib/surface/api_gateway]
2020-04-08 19:14:42,649 DEBUG    root            Loaded Command Group: [u'gcloud', u'policy_troubleshoot']
2020-04-08 19:14:42,652 DEBUG    root            No implementation for release track [GA] for element: [/Users/martinkirilov/Downloads/google-cloud-sdk/lib/surface/recaptcha]
2020-04-08 19:14:42,653 DEBUG    root            No implementation for release track [GA] for element: [/Users/martinkirilov/Downloads/google-cloud-sdk/lib/surface/emulators]
2020-04-08 19:14:42,655 DEBUG    root            Loaded Command Group: [u'gcloud', u'auth']
2020-04-08 19:14:42,658 DEBUG    root            No implementation for release track [GA] for element: [/Users/martinkirilov/Downloads/google-cloud-sdk/lib/surface/search_help]
2020-04-08 19:14:42,659 DEBUG    root            No implementation for release track [GA] for element: [/Users/martinkirilov/Downloads/google-cloud-sdk/lib/surface/game]
2020-04-08 19:14:42,660 DEBUG    root            No implementation for release track [GA] for element: [/Users/martinkirilov/Downloads/google-cloud-sdk/lib/surface/memcache]
2020-04-08 19:14:42,662 DEBUG    root            Loaded Command Group: [u'gcloud', u'scheduler']
2020-04-08 19:14:42,664 DEBUG    root            No implementation for release track [GA] for element: [/Users/martinkirilov/Downloads/google-cloud-sdk/lib/surface/workflows]
2020-04-08 19:14:42,665 DEBUG    root            Loaded Command Group: [u'gcloud', u'spanner']
2020-04-08 19:14:42,668 DEBUG    root            Loaded Command Group: [u'gcloud', u'projects']
2020-04-08 19:14:42,671 DEBUG    root            Loaded Command Group: [u'gcloud', u'resource_manager']
2020-04-08 19:14:42,673 DEBUG    root            Loaded Command Group: [u'gcloud', u'organizations']
2020-04-08 19:14:42,787 DEBUG    root            Loaded Command Group: [u'gcloud', u'compute']
2020-04-08 19:14:42,792 DEBUG    root            Loaded Command Group: [u'gcloud', u'builds']
2020-04-08 19:14:42,795 DEBUG    root            Loaded Command Group: [u'gcloud', u'dataflow']
2020-04-08 19:14:42,797 DEBUG    root            Loaded Command Group: [u'gcloud', u'ml']
2020-04-08 19:14:42,799 DEBUG    root            No implementation for release track [GA] for element: [/Users/martinkirilov/Downloads/google-cloud-sdk/lib/surface/org_policies]
2020-04-08 19:14:42,801 DEBUG    root            Loaded Command Group: [u'gcloud', u'active_directory']
2020-04-08 19:14:42,803 DEBUG    root            No implementation for release track [GA] for element: [/Users/martinkirilov/Downloads/google-cloud-sdk/lib/surface/access_approval]
2020-04-08 19:14:42,804 DEBUG    root            No implementation for release track [GA] for element: [/Users/martinkirilov/Downloads/google-cloud-sdk/lib/surface/error_reporting]
2020-04-08 19:14:42,808 DEBUG    root            Loaded Command Group: [u'gcloud', u'debug']
2020-04-08 19:14:42,811 DEBUG    root            No implementation for release track [GA] for element: [/Users/martinkirilov/Downloads/google-cloud-sdk/lib/surface/data_fusion]
2020-04-08 19:14:42,812 DEBUG    root            Loaded Command Group: [u'gcloud', u'endpoints']
2020-04-08 19:14:42,815 DEBUG    root            Loaded Command Group: [u'gcloud', u'deployment_manager']
2020-04-08 19:14:42,817 DEBUG    root            Loaded Command Group: [u'gcloud', u'monitoring']
2020-04-08 19:14:42,820 DEBUG    root            Loaded Command Group: [u'gcloud', u'topic']
2020-04-08 19:14:42,823 DEBUG    root            No implementation for release track [GA] for element: [/Users/martinkirilov/Downloads/google-cloud-sdk/lib/surface/healthcare]
2020-04-08 19:14:42,824 DEBUG    root            Loaded Command Group: [u'gcloud', u'meta']
2020-04-08 19:14:42,827 DEBUG    root            No implementation for release track [GA] for element: [/Users/martinkirilov/Downloads/google-cloud-sdk/lib/surface/service_directory]
2020-04-08 19:14:42,906 DEBUG    root            No implementation for release track [GA] for element: [/Users/martinkirilov/Downloads/google-cloud-sdk/lib/surface/events]
2020-04-08 19:14:42,907 DEBUG    root            Loaded Command Group: [u'gcloud', u'datastore']
2020-04-08 19:14:42,911 DEBUG    root            Loaded Command Group: [u'gcloud', u'functions']
2020-04-08 19:14:42,914 DEBUG    root            Loaded Command Group: [u'gcloud', u'container']
2020-04-08 19:14:42,916 DEBUG    root            Loaded Command Group: [u'gcloud', u'redis']
2020-04-08 19:14:42,919 DEBUG    root            No implementation for release track [GA] for element: [/Users/martinkirilov/Downloads/google-cloud-sdk/lib/surface/network_services]
2020-04-08 19:14:42,920 DEBUG    root            Loaded Command Group: [u'gcloud', u'dataproc']
2020-04-08 19:14:42,922 DEBUG    root            No implementation for release track [GA] for element: [/Users/martinkirilov/Downloads/google-cloud-sdk/lib/surface/dialogflow]
2020-04-08 19:14:42,924 DEBUG    root            No implementation for release track [GA] for element: [/Users/martinkirilov/Downloads/google-cloud-sdk/lib/surface/dlp]
2020-04-08 19:14:42,925 DEBUG    root            Loaded Command Group: [u'gcloud', u'kms']
2020-04-08 19:14:42,928 DEBUG    root            Loaded Command Group: [u'gcloud', u'config']
2020-04-08 19:14:42,930 DEBUG    root            Loaded Command Group: [u'gcloud', u'access_context_manager']
2020-04-08 19:14:42,934 DEBUG    root            No implementation for release track [GA] for element: [/Users/martinkirilov/Downloads/google-cloud-sdk/lib/surface/cloud_shell]
2020-04-08 19:14:42,935 DEBUG    root            No implementation for release track [GA] for element: [/Users/martinkirilov/Downloads/google-cloud-sdk/lib/surface/privateca]
2020-04-08 19:14:42,937 DEBUG    root            Loaded Command Group: [u'gcloud', u'run']
2020-04-08 19:14:42,941 DEBUG    root            No implementation for release track [GA] for element: [/Users/martinkirilov/Downloads/google-cloud-sdk/lib/surface/trace]
2020-04-08 19:14:42,943 DEBUG    root            No implementation for release track [GA] for element: [/Users/martinkirilov/Downloads/google-cloud-sdk/lib/surface/genomics]
2020-04-08 19:14:42,944 DEBUG    root            No implementation for release track [GA] for element: [/Users/martinkirilov/Downloads/google-cloud-sdk/lib/surface/labelmanager]
2020-04-08 19:14:42,945 DEBUG    root            Loaded Command Group: [u'gcloud', u'ml_engine']
2020-04-08 19:14:42,947 DEBUG    root            Loaded Command Group: [u'gcloud', u'iot']
2020-04-08 19:14:42,949 DEBUG    root            Loaded Command Group: [u'gcloud', u'firebase']
2020-04-08 19:14:42,951 DEBUG    root            Loaded Command Group: [u'gcloud', u'filestore']
2020-04-08 19:14:42,953 DEBUG    root            No implementation for release track [GA] for element: [/Users/martinkirilov/Downloads/google-cloud-sdk/lib/surface/bq]
2020-04-08 19:14:42,954 DEBUG    root            Loaded Command Group: [u'gcloud', u'sql']
2020-04-08 19:14:42,956 DEBUG    root            Loaded Command Group: [u'gcloud', u'services']
2020-04-08 19:14:42,959 DEBUG    root            Loaded Command Group: [u'gcloud', u'recommender']
2020-04-08 19:14:42,961 DEBUG    root            Loaded Command Group: [u'gcloud', u'bigtable']
2020-04-08 19:14:42,963 DEBUG    root            Loaded Command Group: [u'gcloud', u'logging']
2020-04-08 19:14:42,966 DEBUG    root            Loaded Command Group: [u'gcloud', u'service_management']
2020-04-08 19:14:42,968 DEBUG    root            Loaded Command Group: [u'gcloud', u'secrets']
2020-04-08 19:14:42,971 DEBUG    root            No implementation for release track [GA] for element: [/Users/martinkirilov/Downloads/google-cloud-sdk/lib/surface/remote_build_execution]
2020-04-08 19:14:42,973 DEBUG    root            No implementation for release track [GA] for element: [/Users/martinkirilov/Downloads/google-cloud-sdk/lib/surface/runtime_config]
2020-04-08 19:14:42,984 DEBUG    root            Loaded Command Group: [u'gcloud', u'survey']
2020-04-08 19:14:42,985 DEBUG    root            Loaded Command Group: [u'gcloud', u'components']
2020-04-08 19:14:42,987 DEBUG    root            No implementation for release track [GA] for element: [/Users/martinkirilov/Downloads/google-cloud-sdk/lib/surface/identity]
2020-04-08 19:14:42,989 DEBUG    root            Loaded Command Group: [u'gcloud', u'domains']
2020-04-08 19:14:43,002 DEBUG    root            Loaded Command Group: [u'gcloud', u'docker']
2020-04-08 19:14:43,240 DEBUG    root            No implementation for release track [GA] for element: [/Users/martinkirilov/Downloads/google-cloud-sdk/lib/surface/interactive]
2020-04-08 19:14:43,241 DEBUG    root            Loaded Command Group: [u'gcloud', u'firestore']
2020-04-08 19:14:43,545 INFO     ___FILE_ONLY___ 

Command killed by keyboard interrupt


