2020-04-08 19:36:15,617 ERROR    root            (gcloud) Command name argument expected.
2020-04-08 19:36:15,619 DEBUG    root            No implementation for release track [GA] for element: [/Users/martinkirilov/Downloads/google-cloud-sdk/lib/surface/web_security_scanner]
2020-04-08 19:36:15,624 DEBUG    root            Loaded Command Group: [u'gcloud', u'info']
2020-04-08 19:36:15,631 DEBUG    root            No implementation for release track [GA] for element: [/Users/martinkirilov/Downloads/google-cloud-sdk/lib/surface/code]
2020-04-08 19:36:15,633 DEBUG    root            Loaded Command Group: [u'gcloud', u'feedback']
2020-04-08 19:36:15,635 DEBUG    root            No implementation for release track [GA] for element: [/Users/martinkirilov/Downloads/google-cloud-sdk/lib/surface/storage]
2020-04-08 19:36:15,636 DEBUG    root            Loaded Command Group: [u'gcloud', u'app']
2020-04-08 19:36:15,640 DEBUG    root            No implementation for release track [GA] for element: [/Users/martinkirilov/Downloads/google-cloud-sdk/lib/surface/scc]
2020-04-08 19:36:15,642 DEBUG    root            Loaded Command Group: [u'gcloud', u'tasks']
2020-04-08 19:36:15,645 DEBUG    root            Loaded Command Group: [u'gcloud', u'data_catalog']
2020-04-08 19:36:15,647 DEBUG    root            Loaded Command Group: [u'gcloud', u'composer']
2020-04-08 19:36:15,668 DEBUG    root            Loaded Command Group: [u'gcloud', u'ai_platform']
2020-04-08 19:36:15,671 DEBUG    root            Loaded Command Group: [u'gcloud', u'iam']
2020-04-08 19:36:15,673 DEBUG    root            Loaded Command Group: [u'gcloud', u'anthos']
2020-04-08 19:36:15,675 DEBUG    root            No implementation for release track [GA] for element: [/Users/martinkirilov/Downloads/google-cloud-sdk/lib/surface/billing]
2020-04-08 19:36:15,677 DEBUG    root            No implementation for release track [GA] for element: [/Users/martinkirilov/Downloads/google-cloud-sdk/lib/surface/artifacts]
2020-04-08 19:36:15,678 DEBUG    root            No implementation for release track [GA] for element: [/Users/martinkirilov/Downloads/google-cloud-sdk/lib/surface/notebooks]
2020-04-08 19:36:15,683 DEBUG    root            Loaded Command Group: [u'gcloud', u'help']
2020-04-08 19:36:15,690 DEBUG    root            Loaded Command Group: [u'gcloud', u'init']
2020-04-08 19:36:15,692 DEBUG    root            Loaded Command Group: [u'gcloud', u'source']
2020-04-08 19:36:15,693 DEBUG    root            Loaded Command Group: [u'gcloud', u'network_management']
2020-04-08 19:36:15,695 DEBUG    root            Loaded Command Group: [u'gcloud', u'version']
2020-04-08 19:36:15,696 DEBUG    root            Loaded Command Group: [u'gcloud', u'asset']
2020-04-08 19:36:15,698 DEBUG    root            Loaded Command Group: [u'gcloud', u'dns']
2020-04-08 19:36:15,700 DEBUG    root            No implementation for release track [GA] for element: [/Users/martinkirilov/Downloads/google-cloud-sdk/lib/surface/lifesciences]
2020-04-08 19:36:15,701 DEBUG    root            Loaded Command Group: [u'gcloud', u'iap']
2020-04-08 19:36:15,703 DEBUG    root            No implementation for release track [GA] for element: [/Users/martinkirilov/Downloads/google-cloud-sdk/lib/surface/resources]
2020-04-08 19:36:15,704 DEBUG    root            Loaded Command Group: [u'gcloud', u'pubsub']
2020-04-08 19:36:15,707 DEBUG    root            No implementation for release track [GA] for element: [/Users/martinkirilov/Downloads/google-cloud-sdk/lib/surface/api_gateway]
2020-04-08 19:36:15,708 DEBUG    root            Loaded Command Group: [u'gcloud', u'policy_troubleshoot']
2020-04-08 19:36:15,710 DEBUG    root            No implementation for release track [GA] for element: [/Users/martinkirilov/Downloads/google-cloud-sdk/lib/surface/recaptcha]
2020-04-08 19:36:15,711 DEBUG    root            No implementation for release track [GA] for element: [/Users/martinkirilov/Downloads/google-cloud-sdk/lib/surface/emulators]
2020-04-08 19:36:15,713 DEBUG    root            Loaded Command Group: [u'gcloud', u'auth']
2020-04-08 19:36:15,715 DEBUG    root            No implementation for release track [GA] for element: [/Users/martinkirilov/Downloads/google-cloud-sdk/lib/surface/search_help]
2020-04-08 19:36:15,717 DEBUG    root            No implementation for release track [GA] for element: [/Users/martinkirilov/Downloads/google-cloud-sdk/lib/surface/game]
2020-04-08 19:36:15,718 DEBUG    root            No implementation for release track [GA] for element: [/Users/martinkirilov/Downloads/google-cloud-sdk/lib/surface/memcache]
2020-04-08 19:36:15,720 DEBUG    root            Loaded Command Group: [u'gcloud', u'scheduler']
2020-04-08 19:36:15,722 DEBUG    root            No implementation for release track [GA] for element: [/Users/martinkirilov/Downloads/google-cloud-sdk/lib/surface/workflows]
2020-04-08 19:36:15,724 DEBUG    root            Loaded Command Group: [u'gcloud', u'spanner']
2020-04-08 19:36:15,726 DEBUG    root            Loaded Command Group: [u'gcloud', u'projects']
2020-04-08 19:36:15,728 DEBUG    root            Loaded Command Group: [u'gcloud', u'resource_manager']
2020-04-08 19:36:15,730 DEBUG    root            Loaded Command Group: [u'gcloud', u'organizations']
2020-04-08 19:36:15,767 DEBUG    root            Loaded Command Group: [u'gcloud', u'compute']
2020-04-08 19:36:15,771 DEBUG    root            Loaded Command Group: [u'gcloud', u'builds']
2020-04-08 19:36:15,772 DEBUG    root            Loaded Command Group: [u'gcloud', u'dataflow']
2020-04-08 19:36:15,774 DEBUG    root            Loaded Command Group: [u'gcloud', u'ml']
2020-04-08 19:36:15,776 DEBUG    root            No implementation for release track [GA] for element: [/Users/martinkirilov/Downloads/google-cloud-sdk/lib/surface/org_policies]
2020-04-08 19:36:15,776 DEBUG    root            Loaded Command Group: [u'gcloud', u'active_directory']
2020-04-08 19:36:15,778 DEBUG    root            No implementation for release track [GA] for element: [/Users/martinkirilov/Downloads/google-cloud-sdk/lib/surface/access_approval]
2020-04-08 19:36:15,778 DEBUG    root            No implementation for release track [GA] for element: [/Users/martinkirilov/Downloads/google-cloud-sdk/lib/surface/error_reporting]
2020-04-08 19:36:15,780 DEBUG    root            Loaded Command Group: [u'gcloud', u'debug']
2020-04-08 19:36:15,782 DEBUG    root            No implementation for release track [GA] for element: [/Users/martinkirilov/Downloads/google-cloud-sdk/lib/surface/data_fusion]
2020-04-08 19:36:15,783 DEBUG    root            Loaded Command Group: [u'gcloud', u'endpoints']
2020-04-08 19:36:15,784 DEBUG    root            Loaded Command Group: [u'gcloud', u'deployment_manager']
2020-04-08 19:36:15,786 DEBUG    root            Loaded Command Group: [u'gcloud', u'monitoring']
2020-04-08 19:36:15,788 DEBUG    root            Loaded Command Group: [u'gcloud', u'topic']
2020-04-08 19:36:15,789 DEBUG    root            No implementation for release track [GA] for element: [/Users/martinkirilov/Downloads/google-cloud-sdk/lib/surface/healthcare]
2020-04-08 19:36:15,790 DEBUG    root            Loaded Command Group: [u'gcloud', u'meta']
2020-04-08 19:36:15,792 DEBUG    root            No implementation for release track [GA] for element: [/Users/martinkirilov/Downloads/google-cloud-sdk/lib/surface/service_directory]
2020-04-08 19:36:15,809 DEBUG    root            No implementation for release track [GA] for element: [/Users/martinkirilov/Downloads/google-cloud-sdk/lib/surface/events]
2020-04-08 19:36:15,810 DEBUG    root            Loaded Command Group: [u'gcloud', u'datastore']
2020-04-08 19:36:15,813 DEBUG    root            Loaded Command Group: [u'gcloud', u'functions']
2020-04-08 19:36:15,815 DEBUG    root            Loaded Command Group: [u'gcloud', u'container']
2020-04-08 19:36:15,817 DEBUG    root            Loaded Command Group: [u'gcloud', u'redis']
2020-04-08 19:36:15,818 DEBUG    root            No implementation for release track [GA] for element: [/Users/martinkirilov/Downloads/google-cloud-sdk/lib/surface/network_services]
2020-04-08 19:36:15,819 DEBUG    root            Loaded Command Group: [u'gcloud', u'dataproc']
2020-04-08 19:36:15,821 DEBUG    root            No implementation for release track [GA] for element: [/Users/martinkirilov/Downloads/google-cloud-sdk/lib/surface/dialogflow]
2020-04-08 19:36:15,822 DEBUG    root            No implementation for release track [GA] for element: [/Users/martinkirilov/Downloads/google-cloud-sdk/lib/surface/dlp]
2020-04-08 19:36:15,823 DEBUG    root            Loaded Command Group: [u'gcloud', u'kms']
2020-04-08 19:36:15,825 DEBUG    root            Loaded Command Group: [u'gcloud', u'config']
2020-04-08 19:36:15,827 DEBUG    root            Loaded Command Group: [u'gcloud', u'access_context_manager']
2020-04-08 19:36:15,828 DEBUG    root            No implementation for release track [GA] for element: [/Users/martinkirilov/Downloads/google-cloud-sdk/lib/surface/cloud_shell]
2020-04-08 19:36:15,829 DEBUG    root            No implementation for release track [GA] for element: [/Users/martinkirilov/Downloads/google-cloud-sdk/lib/surface/privateca]
2020-04-08 19:36:15,830 DEBUG    root            Loaded Command Group: [u'gcloud', u'run']
2020-04-08 19:36:15,833 DEBUG    root            No implementation for release track [GA] for element: [/Users/martinkirilov/Downloads/google-cloud-sdk/lib/surface/trace]
2020-04-08 19:36:15,834 DEBUG    root            No implementation for release track [GA] for element: [/Users/martinkirilov/Downloads/google-cloud-sdk/lib/surface/genomics]
2020-04-08 19:36:15,836 DEBUG    root            No implementation for release track [GA] for element: [/Users/martinkirilov/Downloads/google-cloud-sdk/lib/surface/labelmanager]
2020-04-08 19:36:15,836 DEBUG    root            Loaded Command Group: [u'gcloud', u'ml_engine']
2020-04-08 19:36:15,838 DEBUG    root            Loaded Command Group: [u'gcloud', u'iot']
2020-04-08 19:36:15,841 DEBUG    root            Loaded Command Group: [u'gcloud', u'firebase']
2020-04-08 19:36:15,843 DEBUG    root            Loaded Command Group: [u'gcloud', u'filestore']
2020-04-08 19:36:15,845 DEBUG    root            No implementation for release track [GA] for element: [/Users/martinkirilov/Downloads/google-cloud-sdk/lib/surface/bq]
2020-04-08 19:36:15,846 DEBUG    root            Loaded Command Group: [u'gcloud', u'sql']
2020-04-08 19:36:15,848 DEBUG    root            Loaded Command Group: [u'gcloud', u'services']
2020-04-08 19:36:15,850 DEBUG    root            Loaded Command Group: [u'gcloud', u'recommender']
2020-04-08 19:36:15,852 DEBUG    root            Loaded Command Group: [u'gcloud', u'bigtable']
2020-04-08 19:36:15,854 DEBUG    root            Loaded Command Group: [u'gcloud', u'logging']
2020-04-08 19:36:15,856 DEBUG    root            Loaded Command Group: [u'gcloud', u'service_management']
2020-04-08 19:36:15,859 DEBUG    root            Loaded Command Group: [u'gcloud', u'secrets']
2020-04-08 19:36:15,861 DEBUG    root            No implementation for release track [GA] for element: [/Users/martinkirilov/Downloads/google-cloud-sdk/lib/surface/remote_build_execution]
2020-04-08 19:36:15,862 DEBUG    root            No implementation for release track [GA] for element: [/Users/martinkirilov/Downloads/google-cloud-sdk/lib/surface/runtime_config]
2020-04-08 19:36:15,866 DEBUG    root            Loaded Command Group: [u'gcloud', u'survey']
2020-04-08 19:36:15,867 DEBUG    root            Loaded Command Group: [u'gcloud', u'components']
2020-04-08 19:36:15,870 DEBUG    root            No implementation for release track [GA] for element: [/Users/martinkirilov/Downloads/google-cloud-sdk/lib/surface/identity]
2020-04-08 19:36:15,871 DEBUG    root            Loaded Command Group: [u'gcloud', u'domains']
2020-04-08 19:36:15,877 DEBUG    root            Loaded Command Group: [u'gcloud', u'docker']
2020-04-08 19:36:15,940 DEBUG    root            No implementation for release track [GA] for element: [/Users/martinkirilov/Downloads/google-cloud-sdk/lib/surface/interactive]
2020-04-08 19:36:15,940 DEBUG    root            Loaded Command Group: [u'gcloud', u'firestore']
2020-04-08 19:36:16,620 INFO     ___FILE_ONLY___ 

Command killed by keyboard interrupt


