2020-04-08 19:36:51,794 DEBUG    root            Loaded Command Group: [u'gcloud', u'compute']
2020-04-08 19:36:51,799 ERROR    root            (gcloud.compute) Command name argument expected.
2020-04-08 19:36:51,801 DEBUG    root            Loaded Command Group: [u'gcloud', u'compute', u'diagnose']
2020-04-08 19:36:51,803 DEBUG    root            Loaded Command Group: [u'gcloud', u'compute', u'operations']
2020-04-08 19:36:51,806 DEBUG    root            Loaded Command Group: [u'gcloud', u'compute', u'disks']
2020-04-08 19:36:51,809 DEBUG    root            Loaded Command Group: [u'gcloud', u'compute', u'addresses']
2020-04-08 19:36:51,812 DEBUG    root            Loaded Command Group: [u'gcloud', u'compute', u'interconnects']
2020-04-08 19:36:51,816 DEBUG    root            Loaded Command Group: [u'gcloud', u'compute', u'target_ssl_proxies']
2020-04-08 19:36:51,818 DEBUG    root            Loaded Command Group: [u'gcloud', u'compute', u'resource_policies']
2020-04-08 19:36:51,822 DEBUG    root            No implementation for release track [GA] for element: [/Users/martinkirilov/Downloads/google-cloud-sdk/lib/surface/compute/org_security_policies]
2020-04-08 19:36:51,824 DEBUG    root            Loaded Command Group: [u'gcloud', u'compute', u'ssl_policies']
2020-04-08 19:36:51,828 DEBUG    root            Loaded Command Group: [u'gcloud', u'compute', u'snapshots']
2020-04-08 19:36:51,830 DEBUG    root            Loaded Command Group: [u'gcloud', u'compute', u'disk_types']
2020-04-08 19:36:51,833 DEBUG    root            Loaded Command Group: [u'gcloud', u'compute', u'target_tcp_proxies']
2020-04-08 19:36:51,837 DEBUG    root            Loaded Command Group: [u'gcloud', u'compute', u'instances']
2020-04-08 19:36:51,840 DEBUG    root            Loaded Command Group: [u'gcloud', u'compute', u'instance_groups']
2020-04-08 19:36:51,843 DEBUG    root            No implementation for release track [GA] for element: [/Users/martinkirilov/Downloads/google-cloud-sdk/lib/surface/compute/public_advertised_prefixes]
2020-04-08 19:36:51,844 DEBUG    root            Loaded Command Group: [u'gcloud', u'compute', u'external_vpn_gateways']
2020-04-08 19:36:51,847 DEBUG    root            Loaded Command Group: [u'gcloud', u'compute', u'images']
2020-04-08 19:36:51,851 DEBUG    root            Loaded Command Group: [u'gcloud', u'compute', u'packet_mirrorings']
2020-04-08 19:36:51,854 DEBUG    root            Loaded Command Group: [u'gcloud', u'compute', u'networks']
2020-04-08 19:36:51,878 DEBUG    root            Loaded Command Group: [u'gcloud', u'compute', u'connect_to_serial_port']
2020-04-08 19:36:51,925 DEBUG    root            Loaded Command Group: [u'gcloud', u'compute', u'scp']
2020-04-08 19:36:51,929 DEBUG    root            Loaded Command Group: [u'gcloud', u'compute', u'accelerator_types']
2020-04-08 19:36:51,931 DEBUG    root            Loaded Command Group: [u'gcloud', u'compute', u'vpn_gateways']
2020-04-08 19:36:51,933 DEBUG    root            Loaded Command Group: [u'gcloud', u'compute', u'backend_services']
2020-04-08 19:36:51,937 DEBUG    root            Loaded Command Group: [u'gcloud', u'compute', u'shared_vpc']
2020-04-08 19:36:51,939 DEBUG    root            Loaded Command Group: [u'gcloud', u'compute', u'commitments']
2020-04-08 19:36:51,942 DEBUG    root            Loaded Command Group: [u'gcloud', u'compute', u'network_endpoint_groups']
2020-04-08 19:36:51,951 DEBUG    root            Loaded Command Group: [u'gcloud', u'compute', u'reset_windows_password']
2020-04-08 19:36:51,953 DEBUG    root            Loaded Command Group: [u'gcloud', u'compute', u'regions']
2020-04-08 19:36:51,959 DEBUG    root            Loaded Command Group: [u'gcloud', u'compute', u'sign_url']
2020-04-08 19:36:51,962 DEBUG    root            Loaded Command Group: [u'gcloud', u'compute', u'reservations']
2020-04-08 19:36:51,965 DEBUG    root            Loaded Command Group: [u'gcloud', u'compute', u'forwarding_rules']
2020-04-08 19:36:51,969 DEBUG    root            Loaded Command Group: [u'gcloud', u'compute', u'target_pools']
2020-04-08 19:36:51,972 DEBUG    root            Loaded Command Group: [u'gcloud', u'compute', u'http_health_checks']
2020-04-08 19:36:51,975 DEBUG    root            Loaded Command Group: [u'gcloud', u'compute', u'target_vpn_gateways']
2020-04-08 19:36:51,978 DEBUG    root            Loaded Command Group: [u'gcloud', u'compute', u'target_http_proxies']
2020-04-08 19:36:51,980 DEBUG    root            Loaded Command Group: [u'gcloud', u'compute', u'firewall_rules']
2020-04-08 19:36:51,982 DEBUG    root            Loaded Command Group: [u'gcloud', u'compute', u'routers']
2020-04-08 19:36:51,985 DEBUG    root            Loaded Command Group: [u'gcloud', u'compute', u'sole_tenancy']
2020-04-08 19:36:51,987 DEBUG    root            Loaded Command Group: [u'gcloud', u'compute', u'target_https_proxies']
2020-04-08 19:36:51,990 DEBUG    root            No implementation for release track [GA] for element: [/Users/martinkirilov/Downloads/google-cloud-sdk/lib/surface/compute/machine_images]
2020-04-08 19:36:51,992 DEBUG    root            Loaded Command Group: [u'gcloud', u'compute', u'url_maps']
2020-04-08 19:36:51,995 DEBUG    root            Loaded Command Group: [u'gcloud', u'compute', u'health_checks']
2020-04-08 19:36:52,000 DEBUG    root            Loaded Command Group: [u'gcloud', u'compute', u'ssh']
2020-04-08 19:36:52,003 DEBUG    root            Loaded Command Group: [u'gcloud', u'compute', u'instance_templates']
2020-04-08 19:36:52,005 DEBUG    root            Loaded Command Group: [u'gcloud', u'compute', u'os_login']
2020-04-08 19:36:52,010 DEBUG    root            Loaded Command Group: [u'gcloud', u'compute', u'config_ssh']
2020-04-08 19:36:52,013 DEBUG    root            Loaded Command Group: [u'gcloud', u'compute', u'vpn_tunnels']
2020-04-08 19:36:52,014 DEBUG    root            Loaded Command Group: [u'gcloud', u'compute', u'zones']
2020-04-08 19:36:52,016 DEBUG    root            Loaded Command Group: [u'gcloud', u'compute', u'tpus']
2020-04-08 19:36:52,018 DEBUG    root            Loaded Command Group: [u'gcloud', u'compute', u'project_info']
2020-04-08 19:36:52,020 DEBUG    root            Loaded Command Group: [u'gcloud', u'compute', u'https_health_checks']
2020-04-08 19:36:52,022 DEBUG    root            Loaded Command Group: [u'gcloud', u'compute', u'security_policies']
2020-04-08 19:36:52,024 DEBUG    root            Loaded Command Group: [u'gcloud', u'compute', u'backend_buckets']
2020-04-08 19:36:52,027 DEBUG    root            No implementation for release track [GA] for element: [/Users/martinkirilov/Downloads/google-cloud-sdk/lib/surface/compute/target_grpc_proxies]
2020-04-08 19:36:52,029 DEBUG    root            No implementation for release track [GA] for element: [/Users/martinkirilov/Downloads/google-cloud-sdk/lib/surface/compute/public_delegated_prefixes]
2020-04-08 19:36:52,030 DEBUG    root            Loaded Command Group: [u'gcloud', u'compute', u'target_instances']
2020-04-08 19:36:52,032 DEBUG    root            Loaded Command Group: [u'gcloud', u'compute', u'machine_types']
2020-04-08 19:36:52,034 DEBUG    root            Loaded Command Group: [u'gcloud', u'compute', u'copy_files']
2020-04-08 19:36:52,038 DEBUG    root            Loaded Command Group: [u'gcloud', u'compute', u'os_config']
2020-04-08 19:36:52,040 DEBUG    root            Loaded Command Group: [u'gcloud', u'compute', u'ssl_certificates']
2020-04-08 19:36:52,042 DEBUG    root            Loaded Command Group: [u'gcloud', u'compute', u'routes']
2020-04-08 19:36:52,046 DEBUG    root            Loaded Command Group: [u'gcloud', u'compute', u'start_iap_tunnel']
2020-04-08 19:36:53,444 INFO     ___FILE_ONLY___ 

Command killed by keyboard interrupt


