2020-04-08 21:48:02,628 DEBUG    root            No implementation for release track [GA] for element: [/Users/martinkirilov/Downloads/google-cloud-sdk/lib/surface/web_security_scanner]
2020-04-08 21:48:02,634 DEBUG    root            Loaded Command Group: [u'gcloud', u'info']
2020-04-08 21:48:02,642 DEBUG    root            No implementation for release track [GA] for element: [/Users/martinkirilov/Downloads/google-cloud-sdk/lib/surface/code]
2020-04-08 21:48:02,644 DEBUG    root            Loaded Command Group: [u'gcloud', u'feedback']
2020-04-08 21:48:02,646 DEBUG    root            No implementation for release track [GA] for element: [/Users/martinkirilov/Downloads/google-cloud-sdk/lib/surface/storage]
2020-04-08 21:48:02,647 DEBUG    root            Loaded Command Group: [u'gcloud', u'app']
2020-04-08 21:48:02,652 DEBUG    root            No implementation for release track [GA] for element: [/Users/martinkirilov/Downloads/google-cloud-sdk/lib/surface/scc]
2020-04-08 21:48:02,654 DEBUG    root            Loaded Command Group: [u'gcloud', u'tasks']
2020-04-08 21:48:02,658 DEBUG    root            Loaded Command Group: [u'gcloud', u'data_catalog']
2020-04-08 21:48:02,661 DEBUG    root            Loaded Command Group: [u'gcloud', u'composer']
2020-04-08 21:48:02,684 DEBUG    root            Loaded Command Group: [u'gcloud', u'ai_platform']
2020-04-08 21:48:02,687 DEBUG    root            Loaded Command Group: [u'gcloud', u'iam']
2020-04-08 21:48:02,690 DEBUG    root            Loaded Command Group: [u'gcloud', u'anthos']
2020-04-08 21:48:02,692 DEBUG    root            No implementation for release track [GA] for element: [/Users/martinkirilov/Downloads/google-cloud-sdk/lib/surface/billing]
2020-04-08 21:48:02,694 DEBUG    root            No implementation for release track [GA] for element: [/Users/martinkirilov/Downloads/google-cloud-sdk/lib/surface/artifacts]
2020-04-08 21:48:02,696 DEBUG    root            No implementation for release track [GA] for element: [/Users/martinkirilov/Downloads/google-cloud-sdk/lib/surface/notebooks]
2020-04-08 21:48:02,702 DEBUG    root            Loaded Command Group: [u'gcloud', u'help']
2020-04-08 21:48:02,713 DEBUG    root            Loaded Command Group: [u'gcloud', u'init']
2020-04-08 21:48:02,715 DEBUG    root            Loaded Command Group: [u'gcloud', u'source']
2020-04-08 21:48:02,718 DEBUG    root            Loaded Command Group: [u'gcloud', u'network_management']
2020-04-08 21:48:02,720 DEBUG    root            Loaded Command Group: [u'gcloud', u'version']
2020-04-08 21:48:02,721 DEBUG    root            Loaded Command Group: [u'gcloud', u'asset']
2020-04-08 21:48:02,724 DEBUG    root            Loaded Command Group: [u'gcloud', u'dns']
2020-04-08 21:48:02,727 DEBUG    root            No implementation for release track [GA] for element: [/Users/martinkirilov/Downloads/google-cloud-sdk/lib/surface/lifesciences]
2020-04-08 21:48:02,729 DEBUG    root            Loaded Command Group: [u'gcloud', u'iap']
2020-04-08 21:48:02,731 DEBUG    root            No implementation for release track [GA] for element: [/Users/martinkirilov/Downloads/google-cloud-sdk/lib/surface/resources]
2020-04-08 21:48:02,733 DEBUG    root            Loaded Command Group: [u'gcloud', u'pubsub']
2020-04-08 21:48:02,736 DEBUG    root            No implementation for release track [GA] for element: [/Users/martinkirilov/Downloads/google-cloud-sdk/lib/surface/api_gateway]
2020-04-08 21:48:02,737 DEBUG    root            Loaded Command Group: [u'gcloud', u'policy_troubleshoot']
2020-04-08 21:48:02,740 DEBUG    root            No implementation for release track [GA] for element: [/Users/martinkirilov/Downloads/google-cloud-sdk/lib/surface/recaptcha]
2020-04-08 21:48:02,741 DEBUG    root            No implementation for release track [GA] for element: [/Users/martinkirilov/Downloads/google-cloud-sdk/lib/surface/emulators]
2020-04-08 21:48:02,742 DEBUG    root            Loaded Command Group: [u'gcloud', u'auth']
2020-04-08 21:48:02,744 DEBUG    root            No implementation for release track [GA] for element: [/Users/martinkirilov/Downloads/google-cloud-sdk/lib/surface/search_help]
2020-04-08 21:48:02,746 DEBUG    root            No implementation for release track [GA] for element: [/Users/martinkirilov/Downloads/google-cloud-sdk/lib/surface/game]
2020-04-08 21:48:02,748 DEBUG    root            No implementation for release track [GA] for element: [/Users/martinkirilov/Downloads/google-cloud-sdk/lib/surface/memcache]
2020-04-08 21:48:02,749 DEBUG    root            Loaded Command Group: [u'gcloud', u'scheduler']
2020-04-08 21:48:02,752 DEBUG    root            No implementation for release track [GA] for element: [/Users/martinkirilov/Downloads/google-cloud-sdk/lib/surface/workflows]
2020-04-08 21:48:02,753 DEBUG    root            Loaded Command Group: [u'gcloud', u'spanner']
2020-04-08 21:48:02,756 DEBUG    root            Loaded Command Group: [u'gcloud', u'projects']
2020-04-08 21:48:02,758 DEBUG    root            Loaded Command Group: [u'gcloud', u'resource_manager']
2020-04-08 21:48:02,760 DEBUG    root            Loaded Command Group: [u'gcloud', u'organizations']
2020-04-08 21:48:02,779 DEBUG    root            Loaded Command Group: [u'gcloud', u'compute']
2020-04-08 21:48:02,783 DEBUG    root            Loaded Command Group: [u'gcloud', u'builds']
2020-04-08 21:48:02,786 DEBUG    root            Loaded Command Group: [u'gcloud', u'dataflow']
2020-04-08 21:48:02,788 DEBUG    root            Loaded Command Group: [u'gcloud', u'ml']
2020-04-08 21:48:02,791 DEBUG    root            No implementation for release track [GA] for element: [/Users/martinkirilov/Downloads/google-cloud-sdk/lib/surface/org_policies]
2020-04-08 21:48:02,792 DEBUG    root            Loaded Command Group: [u'gcloud', u'active_directory']
2020-04-08 21:48:02,794 DEBUG    root            No implementation for release track [GA] for element: [/Users/martinkirilov/Downloads/google-cloud-sdk/lib/surface/access_approval]
2020-04-08 21:48:02,796 DEBUG    root            No implementation for release track [GA] for element: [/Users/martinkirilov/Downloads/google-cloud-sdk/lib/surface/error_reporting]
2020-04-08 21:48:02,799 DEBUG    root            Loaded Command Group: [u'gcloud', u'debug']
2020-04-08 21:48:02,802 DEBUG    root            No implementation for release track [GA] for element: [/Users/martinkirilov/Downloads/google-cloud-sdk/lib/surface/data_fusion]
2020-04-08 21:48:02,804 DEBUG    root            Loaded Command Group: [u'gcloud', u'endpoints']
2020-04-08 21:48:02,806 DEBUG    root            Loaded Command Group: [u'gcloud', u'deployment_manager']
2020-04-08 21:48:02,810 DEBUG    root            Loaded Command Group: [u'gcloud', u'monitoring']
2020-04-08 21:48:02,812 DEBUG    root            Loaded Command Group: [u'gcloud', u'topic']
2020-04-08 21:48:02,815 DEBUG    root            No implementation for release track [GA] for element: [/Users/martinkirilov/Downloads/google-cloud-sdk/lib/surface/healthcare]
2020-04-08 21:48:02,816 DEBUG    root            Loaded Command Group: [u'gcloud', u'meta']
2020-04-08 21:48:02,818 DEBUG    root            No implementation for release track [GA] for element: [/Users/martinkirilov/Downloads/google-cloud-sdk/lib/surface/service_directory]
2020-04-08 21:48:02,845 DEBUG    root            No implementation for release track [GA] for element: [/Users/martinkirilov/Downloads/google-cloud-sdk/lib/surface/events]
2020-04-08 21:48:02,846 DEBUG    root            Loaded Command Group: [u'gcloud', u'datastore']
2020-04-08 21:48:02,851 DEBUG    root            Loaded Command Group: [u'gcloud', u'functions']
2020-04-08 21:48:02,853 DEBUG    root            Loaded Command Group: [u'gcloud', u'container']
2020-04-08 21:48:02,855 DEBUG    root            Loaded Command Group: [u'gcloud', u'redis']
2020-04-08 21:48:02,857 DEBUG    root            No implementation for release track [GA] for element: [/Users/martinkirilov/Downloads/google-cloud-sdk/lib/surface/network_services]
2020-04-08 21:48:02,858 DEBUG    root            Loaded Command Group: [u'gcloud', u'dataproc']
2020-04-08 21:48:02,861 DEBUG    root            No implementation for release track [GA] for element: [/Users/martinkirilov/Downloads/google-cloud-sdk/lib/surface/dialogflow]
2020-04-08 21:48:02,862 DEBUG    root            No implementation for release track [GA] for element: [/Users/martinkirilov/Downloads/google-cloud-sdk/lib/surface/dlp]
2020-04-08 21:48:02,864 DEBUG    root            Loaded Command Group: [u'gcloud', u'kms']
2020-04-08 21:48:02,866 DEBUG    root            Loaded Command Group: [u'gcloud', u'config']
2020-04-08 21:48:02,869 DEBUG    root            Loaded Command Group: [u'gcloud', u'access_context_manager']
2020-04-08 21:48:02,872 DEBUG    root            No implementation for release track [GA] for element: [/Users/martinkirilov/Downloads/google-cloud-sdk/lib/surface/cloud_shell]
2020-04-08 21:48:02,873 DEBUG    root            No implementation for release track [GA] for element: [/Users/martinkirilov/Downloads/google-cloud-sdk/lib/surface/privateca]
2020-04-08 21:48:02,874 DEBUG    root            Loaded Command Group: [u'gcloud', u'run']
2020-04-08 21:48:02,878 DEBUG    root            No implementation for release track [GA] for element: [/Users/martinkirilov/Downloads/google-cloud-sdk/lib/surface/trace]
2020-04-08 21:48:02,878 DEBUG    root            No implementation for release track [GA] for element: [/Users/martinkirilov/Downloads/google-cloud-sdk/lib/surface/genomics]
2020-04-08 21:48:02,880 DEBUG    root            No implementation for release track [GA] for element: [/Users/martinkirilov/Downloads/google-cloud-sdk/lib/surface/labelmanager]
2020-04-08 21:48:02,880 DEBUG    root            Loaded Command Group: [u'gcloud', u'ml_engine']
2020-04-08 21:48:02,882 DEBUG    root            Loaded Command Group: [u'gcloud', u'iot']
2020-04-08 21:48:02,885 DEBUG    root            Loaded Command Group: [u'gcloud', u'firebase']
2020-04-08 21:48:02,886 DEBUG    root            Loaded Command Group: [u'gcloud', u'filestore']
2020-04-08 21:48:02,888 DEBUG    root            No implementation for release track [GA] for element: [/Users/martinkirilov/Downloads/google-cloud-sdk/lib/surface/bq]
2020-04-08 21:48:02,889 DEBUG    root            Loaded Command Group: [u'gcloud', u'sql']
2020-04-08 21:48:02,892 DEBUG    root            Loaded Command Group: [u'gcloud', u'services']
2020-04-08 21:48:02,893 DEBUG    root            Loaded Command Group: [u'gcloud', u'recommender']
2020-04-08 21:48:02,895 DEBUG    root            Loaded Command Group: [u'gcloud', u'bigtable']
2020-04-08 21:48:02,898 DEBUG    root            Loaded Command Group: [u'gcloud', u'logging']
2020-04-08 21:48:02,900 DEBUG    root            Loaded Command Group: [u'gcloud', u'service_management']
2020-04-08 21:48:02,902 DEBUG    root            Loaded Command Group: [u'gcloud', u'secrets']
2020-04-08 21:48:02,904 DEBUG    root            No implementation for release track [GA] for element: [/Users/martinkirilov/Downloads/google-cloud-sdk/lib/surface/remote_build_execution]
2020-04-08 21:48:02,905 DEBUG    root            No implementation for release track [GA] for element: [/Users/martinkirilov/Downloads/google-cloud-sdk/lib/surface/runtime_config]
2020-04-08 21:48:02,909 DEBUG    root            Loaded Command Group: [u'gcloud', u'survey']
2020-04-08 21:48:02,910 DEBUG    root            Loaded Command Group: [u'gcloud', u'components']
2020-04-08 21:48:02,912 DEBUG    root            No implementation for release track [GA] for element: [/Users/martinkirilov/Downloads/google-cloud-sdk/lib/surface/identity]
2020-04-08 21:48:02,914 DEBUG    root            Loaded Command Group: [u'gcloud', u'domains']
2020-04-08 21:48:02,920 DEBUG    root            Loaded Command Group: [u'gcloud', u'docker']
2020-04-08 21:48:02,983 DEBUG    root            No implementation for release track [GA] for element: [/Users/martinkirilov/Downloads/google-cloud-sdk/lib/surface/interactive]
2020-04-08 21:48:02,984 DEBUG    root            Loaded Command Group: [u'gcloud', u'firestore']
2020-04-08 21:48:02,986 ERROR    root            (gcloud) Invalid choice: 'computer'.
