2020-04-08 22:00:14,519 DEBUG    root            No implementation for release track [GA] for element: [/Users/martinkirilov/Downloads/google-cloud-sdk/lib/surface/web_security_scanner]
2020-04-08 22:00:14,522 DEBUG    root            Loaded Command Group: [u'gcloud', u'info']
2020-04-08 22:00:14,524 DEBUG    root            No implementation for release track [GA] for element: [/Users/martinkirilov/Downloads/google-cloud-sdk/lib/surface/code]
2020-04-08 22:00:14,525 DEBUG    root            Loaded Command Group: [u'gcloud', u'feedback']
2020-04-08 22:00:14,526 DEBUG    root            No implementation for release track [GA] for element: [/Users/martinkirilov/Downloads/google-cloud-sdk/lib/surface/storage]
2020-04-08 22:00:14,527 DEBUG    root            Loaded Command Group: [u'gcloud', u'app']
2020-04-08 22:00:14,529 DEBUG    root            No implementation for release track [GA] for element: [/Users/martinkirilov/Downloads/google-cloud-sdk/lib/surface/scc]
2020-04-08 22:00:14,529 DEBUG    root            Loaded Command Group: [u'gcloud', u'tasks']
2020-04-08 22:00:14,531 DEBUG    root            Loaded Command Group: [u'gcloud', u'data_catalog']
2020-04-08 22:00:14,532 DEBUG    root            Loaded Command Group: [u'gcloud', u'composer']
2020-04-08 22:00:14,549 DEBUG    root            Loaded Command Group: [u'gcloud', u'ai_platform']
2020-04-08 22:00:14,550 DEBUG    root            Loaded Command Group: [u'gcloud', u'iam']
2020-04-08 22:00:14,552 DEBUG    root            Loaded Command Group: [u'gcloud', u'anthos']
2020-04-08 22:00:14,553 DEBUG    root            No implementation for release track [GA] for element: [/Users/martinkirilov/Downloads/google-cloud-sdk/lib/surface/billing]
2020-04-08 22:00:14,554 DEBUG    root            No implementation for release track [GA] for element: [/Users/martinkirilov/Downloads/google-cloud-sdk/lib/surface/artifacts]
2020-04-08 22:00:14,554 DEBUG    root            No implementation for release track [GA] for element: [/Users/martinkirilov/Downloads/google-cloud-sdk/lib/surface/notebooks]
2020-04-08 22:00:14,556 DEBUG    root            Loaded Command Group: [u'gcloud', u'help']
2020-04-08 22:00:14,561 DEBUG    root            Loaded Command Group: [u'gcloud', u'init']
2020-04-08 22:00:14,562 DEBUG    root            Loaded Command Group: [u'gcloud', u'source']
2020-04-08 22:00:14,563 DEBUG    root            Loaded Command Group: [u'gcloud', u'network_management']
2020-04-08 22:00:14,565 DEBUG    root            Loaded Command Group: [u'gcloud', u'version']
2020-04-08 22:00:14,566 DEBUG    root            Loaded Command Group: [u'gcloud', u'asset']
2020-04-08 22:00:14,567 DEBUG    root            Loaded Command Group: [u'gcloud', u'dns']
2020-04-08 22:00:14,568 DEBUG    root            No implementation for release track [GA] for element: [/Users/martinkirilov/Downloads/google-cloud-sdk/lib/surface/lifesciences]
2020-04-08 22:00:14,569 DEBUG    root            Loaded Command Group: [u'gcloud', u'iap']
2020-04-08 22:00:14,570 DEBUG    root            No implementation for release track [GA] for element: [/Users/martinkirilov/Downloads/google-cloud-sdk/lib/surface/resources]
2020-04-08 22:00:14,571 DEBUG    root            Loaded Command Group: [u'gcloud', u'pubsub']
2020-04-08 22:00:14,572 DEBUG    root            No implementation for release track [GA] for element: [/Users/martinkirilov/Downloads/google-cloud-sdk/lib/surface/api_gateway]
2020-04-08 22:00:14,572 DEBUG    root            Loaded Command Group: [u'gcloud', u'policy_troubleshoot']
2020-04-08 22:00:14,573 DEBUG    root            No implementation for release track [GA] for element: [/Users/martinkirilov/Downloads/google-cloud-sdk/lib/surface/recaptcha]
2020-04-08 22:00:14,574 DEBUG    root            No implementation for release track [GA] for element: [/Users/martinkirilov/Downloads/google-cloud-sdk/lib/surface/emulators]
2020-04-08 22:00:14,574 DEBUG    root            Loaded Command Group: [u'gcloud', u'auth']
2020-04-08 22:00:14,576 DEBUG    root            No implementation for release track [GA] for element: [/Users/martinkirilov/Downloads/google-cloud-sdk/lib/surface/search_help]
2020-04-08 22:00:14,576 DEBUG    root            No implementation for release track [GA] for element: [/Users/martinkirilov/Downloads/google-cloud-sdk/lib/surface/game]
2020-04-08 22:00:14,577 DEBUG    root            No implementation for release track [GA] for element: [/Users/martinkirilov/Downloads/google-cloud-sdk/lib/surface/memcache]
2020-04-08 22:00:14,577 DEBUG    root            Loaded Command Group: [u'gcloud', u'scheduler']
2020-04-08 22:00:14,578 DEBUG    root            No implementation for release track [GA] for element: [/Users/martinkirilov/Downloads/google-cloud-sdk/lib/surface/workflows]
2020-04-08 22:00:14,579 DEBUG    root            Loaded Command Group: [u'gcloud', u'spanner']
2020-04-08 22:00:14,580 DEBUG    root            Loaded Command Group: [u'gcloud', u'projects']
2020-04-08 22:00:14,581 DEBUG    root            Loaded Command Group: [u'gcloud', u'resource_manager']
2020-04-08 22:00:14,582 DEBUG    root            Loaded Command Group: [u'gcloud', u'organizations']
2020-04-08 22:00:14,601 DEBUG    root            Loaded Command Group: [u'gcloud', u'compute']
2020-04-08 22:00:14,603 DEBUG    root            Loaded Command Group: [u'gcloud', u'builds']
2020-04-08 22:00:14,605 DEBUG    root            Loaded Command Group: [u'gcloud', u'dataflow']
2020-04-08 22:00:14,606 DEBUG    root            Loaded Command Group: [u'gcloud', u'ml']
2020-04-08 22:00:14,607 DEBUG    root            No implementation for release track [GA] for element: [/Users/martinkirilov/Downloads/google-cloud-sdk/lib/surface/org_policies]
2020-04-08 22:00:14,607 DEBUG    root            Loaded Command Group: [u'gcloud', u'active_directory']
2020-04-08 22:00:14,608 DEBUG    root            No implementation for release track [GA] for element: [/Users/martinkirilov/Downloads/google-cloud-sdk/lib/surface/access_approval]
2020-04-08 22:00:14,609 DEBUG    root            No implementation for release track [GA] for element: [/Users/martinkirilov/Downloads/google-cloud-sdk/lib/surface/error_reporting]
2020-04-08 22:00:14,609 DEBUG    root            Loaded Command Group: [u'gcloud', u'debug']
2020-04-08 22:00:14,611 DEBUG    root            No implementation for release track [GA] for element: [/Users/martinkirilov/Downloads/google-cloud-sdk/lib/surface/data_fusion]
2020-04-08 22:00:14,611 DEBUG    root            Loaded Command Group: [u'gcloud', u'endpoints']
2020-04-08 22:00:14,612 DEBUG    root            Loaded Command Group: [u'gcloud', u'deployment_manager']
2020-04-08 22:00:14,613 DEBUG    root            Loaded Command Group: [u'gcloud', u'monitoring']
2020-04-08 22:00:14,615 DEBUG    root            Loaded Command Group: [u'gcloud', u'topic']
2020-04-08 22:00:14,616 DEBUG    root            No implementation for release track [GA] for element: [/Users/martinkirilov/Downloads/google-cloud-sdk/lib/surface/healthcare]
2020-04-08 22:00:14,616 DEBUG    root            Loaded Command Group: [u'gcloud', u'meta']
2020-04-08 22:00:14,618 DEBUG    root            No implementation for release track [GA] for element: [/Users/martinkirilov/Downloads/google-cloud-sdk/lib/surface/service_directory]
2020-04-08 22:00:14,627 DEBUG    root            No implementation for release track [GA] for element: [/Users/martinkirilov/Downloads/google-cloud-sdk/lib/surface/events]
2020-04-08 22:00:14,628 DEBUG    root            Loaded Command Group: [u'gcloud', u'datastore']
2020-04-08 22:00:14,630 DEBUG    root            Loaded Command Group: [u'gcloud', u'functions']
2020-04-08 22:00:14,631 DEBUG    root            Loaded Command Group: [u'gcloud', u'container']
2020-04-08 22:00:14,632 DEBUG    root            Loaded Command Group: [u'gcloud', u'redis']
2020-04-08 22:00:14,634 DEBUG    root            No implementation for release track [GA] for element: [/Users/martinkirilov/Downloads/google-cloud-sdk/lib/surface/network_services]
2020-04-08 22:00:14,634 DEBUG    root            Loaded Command Group: [u'gcloud', u'dataproc']
2020-04-08 22:00:14,635 DEBUG    root            No implementation for release track [GA] for element: [/Users/martinkirilov/Downloads/google-cloud-sdk/lib/surface/dialogflow]
2020-04-08 22:00:14,635 DEBUG    root            No implementation for release track [GA] for element: [/Users/martinkirilov/Downloads/google-cloud-sdk/lib/surface/dlp]
2020-04-08 22:00:14,636 DEBUG    root            Loaded Command Group: [u'gcloud', u'kms']
2020-04-08 22:00:14,637 DEBUG    root            Loaded Command Group: [u'gcloud', u'config']
2020-04-08 22:00:14,639 DEBUG    root            Loaded Command Group: [u'gcloud', u'access_context_manager']
2020-04-08 22:00:14,640 DEBUG    root            No implementation for release track [GA] for element: [/Users/martinkirilov/Downloads/google-cloud-sdk/lib/surface/cloud_shell]
2020-04-08 22:00:14,640 DEBUG    root            No implementation for release track [GA] for element: [/Users/martinkirilov/Downloads/google-cloud-sdk/lib/surface/privateca]
2020-04-08 22:00:14,641 DEBUG    root            Loaded Command Group: [u'gcloud', u'run']
2020-04-08 22:00:14,643 DEBUG    root            No implementation for release track [GA] for element: [/Users/martinkirilov/Downloads/google-cloud-sdk/lib/surface/trace]
2020-04-08 22:00:14,644 DEBUG    root            No implementation for release track [GA] for element: [/Users/martinkirilov/Downloads/google-cloud-sdk/lib/surface/genomics]
2020-04-08 22:00:14,644 DEBUG    root            No implementation for release track [GA] for element: [/Users/martinkirilov/Downloads/google-cloud-sdk/lib/surface/labelmanager]
2020-04-08 22:00:14,644 DEBUG    root            Loaded Command Group: [u'gcloud', u'ml_engine']
2020-04-08 22:00:14,645 DEBUG    root            Loaded Command Group: [u'gcloud', u'iot']
2020-04-08 22:00:14,647 DEBUG    root            Loaded Command Group: [u'gcloud', u'firebase']
2020-04-08 22:00:14,648 DEBUG    root            Loaded Command Group: [u'gcloud', u'filestore']
2020-04-08 22:00:14,649 DEBUG    root            No implementation for release track [GA] for element: [/Users/martinkirilov/Downloads/google-cloud-sdk/lib/surface/bq]
2020-04-08 22:00:14,649 DEBUG    root            Loaded Command Group: [u'gcloud', u'sql']
2020-04-08 22:00:14,650 DEBUG    root            Loaded Command Group: [u'gcloud', u'services']
2020-04-08 22:00:14,652 DEBUG    root            Loaded Command Group: [u'gcloud', u'recommender']
2020-04-08 22:00:14,653 DEBUG    root            Loaded Command Group: [u'gcloud', u'bigtable']
2020-04-08 22:00:14,654 DEBUG    root            Loaded Command Group: [u'gcloud', u'logging']
2020-04-08 22:00:14,655 DEBUG    root            Loaded Command Group: [u'gcloud', u'service_management']
2020-04-08 22:00:14,656 DEBUG    root            Loaded Command Group: [u'gcloud', u'secrets']
2020-04-08 22:00:14,657 DEBUG    root            No implementation for release track [GA] for element: [/Users/martinkirilov/Downloads/google-cloud-sdk/lib/surface/remote_build_execution]
2020-04-08 22:00:14,658 DEBUG    root            No implementation for release track [GA] for element: [/Users/martinkirilov/Downloads/google-cloud-sdk/lib/surface/runtime_config]
2020-04-08 22:00:14,660 DEBUG    root            Loaded Command Group: [u'gcloud', u'survey']
2020-04-08 22:00:14,661 DEBUG    root            Loaded Command Group: [u'gcloud', u'components']
2020-04-08 22:00:14,662 DEBUG    root            No implementation for release track [GA] for element: [/Users/martinkirilov/Downloads/google-cloud-sdk/lib/surface/identity]
2020-04-08 22:00:14,662 DEBUG    root            Loaded Command Group: [u'gcloud', u'domains']
2020-04-08 22:00:14,665 DEBUG    root            Loaded Command Group: [u'gcloud', u'docker']
2020-04-08 22:00:14,700 DEBUG    root            No implementation for release track [GA] for element: [/Users/martinkirilov/Downloads/google-cloud-sdk/lib/surface/interactive]
2020-04-08 22:00:14,701 DEBUG    root            Loaded Command Group: [u'gcloud', u'firestore']
2020-04-08 22:00:14,702 ERROR    root            (gcloud) Invalid choice: 'computer'.
